2020-08-31T00:03:19+00:00 CRITICAL Maximum execution time of 30 seconds exceeded في D:\xampp\htdocs\ourarts\wp-content\themes\flatsome-child\functions.php في السطر 143

2020-08-31T00:05:23+00:00 CRITICAL Maximum execution time of 30 seconds exceeded في D:\xampp\htdocs\ourarts\wp-includes\wp-db.php في السطر 2030

2020-08-31T00:30:09+00:00 CRITICAL Maximum execution time of 30 seconds exceeded في D:\xampp\htdocs\ourarts\wp-content\plugins\dokan-pro\includes\modules\moip\includes\libs\vendor\rmccue\requests\library\Requests\Transport\cURL.php في السطر 441

2020-08-31T00:31:05+00:00 CRITICAL Maximum execution time of 30 seconds exceeded في D:\xampp\htdocs\ourarts\wp-content\plugins\media-library-plus\maxgalleria-media-library.php في السطر 3127

2020-08-31T00:31:40+00:00 CRITICAL Maximum execution time of 30 seconds exceeded في D:\xampp\htdocs\ourarts\wp-content\plugins\woocommerce-smart-coupons\includes\libraries\action-scheduler\classes\ActionScheduler_AsyncRequest_QueueRunner.php في السطر 61

2020-08-31T00:32:15+00:00 CRITICAL Maximum execution time of 30 seconds exceeded في D:\xampp\htdocs\ourarts\wp-content\plugins\media-library-plus\maxgalleria-media-library.php في السطر 3127

2020-08-31T00:33:12+00:00 CRITICAL Uncaught TypeError: Argument 2 passed to WPSEO_Link_Watcher::save_post() must be an instance of WP_Post, null given, called in D:\xampp\htdocs\ourarts\wp-includes\class-wp-hook.php on line 290 and defined in D:\xampp\htdocs\ourarts\wp-content\plugins\wordpress-seo\admin\links\class-link-watcher.php:47
Stack trace:
#0 D:\xampp\htdocs\ourarts\wp-includes\class-wp-hook.php(290): WPSEO_Link_Watcher->save_post(30050, NULL)
#1 D:\xampp\htdocs\ourarts\wp-includes\class-wp-hook.php(312): WP_Hook->apply_filters(NULL, Array)
#2 D:\xampp\htdocs\ourarts\wp-includes\plugin.php(478): WP_Hook->do_action(Array)
#3 D:\xampp\htdocs\ourarts\wp-includes\post.php(4120): do_action('save_post', 30050, NULL, true)
#4 D:\xampp\htdocs\ourarts\wp-includes\post.php(4197): wp_insert_post(Array, false)
#5 D:\xampp\htdocs\ourarts\wp-content\plugins\woocommerce-smart-coupons\includes\libraries\action-scheduler\classes\data-stores\ActionScheduler_wpPostStore.php(797): wp_update_post(Array)
#6 D:\xampp\htdocs\ourarts\wp-content\plugins\woocom in D:\xampp\htdocs\ourarts\wp-content\plugins\wordpress-seo\admin\links\class-link-watcher.php on line 47

2020-08-31T00:33:35+00:00 CRITICAL Maximum execution time of 30 seconds exceeded في D:\xampp\htdocs\ourarts\wp-includes\wp-db.php في السطر 2030

2020-08-31T00:33:36+00:00 CRITICAL Maximum execution time of 30 seconds exceeded in D:\xampp\htdocs\ourarts\wp-content\plugins\print-google-cloud-print-gcp-woocommerce\vendor\composer\ClassLoader.php on line 384

2020-08-31T00:33:36+00:00 CRITICAL Maximum execution time of 30 seconds exceeded في D:\xampp\htdocs\ourarts\wp-content\plugins\yith-woocommerce-order-tracking\class.yith-woocommerce-order-tracking.php في السطر 4

2020-08-31T00:33:42+00:00 CRITICAL Maximum execution time of 30 seconds exceeded في D:\xampp\htdocs\ourarts\wp-content\plugins\woocommerce\includes\shipping\flat-rate\includes\settings-flat-rate.php في السطر 10

2020-08-31T00:38:13+00:00 CRITICAL Maximum execution time of 30 seconds exceeded in D:\xampp\htdocs\ourarts\wp-includes\l10n.php on line 654

2020-08-31T00:38:35+00:00 CRITICAL Uncaught TypeError: Argument 2 passed to WPSEO_Link_Watcher::save_post() must be an instance of WP_Post, null given, called in D:\xampp\htdocs\ourarts\wp-includes\class-wp-hook.php on line 290 and defined in D:\xampp\htdocs\ourarts\wp-content\plugins\wordpress-seo\admin\links\class-link-watcher.php:47
Stack trace:
#0 D:\xampp\htdocs\ourarts\wp-includes\class-wp-hook.php(290): WPSEO_Link_Watcher->save_post(30071, NULL)
#1 D:\xampp\htdocs\ourarts\wp-includes\class-wp-hook.php(312): WP_Hook->apply_filters(NULL, Array)
#2 D:\xampp\htdocs\ourarts\wp-includes\plugin.php(478): WP_Hook->do_action(Array)
#3 D:\xampp\htdocs\ourarts\wp-includes\post.php(4120): do_action('save_post', 30071, NULL, true)
#4 D:\xampp\htdocs\ourarts\wp-includes\post.php(4197): wp_insert_post(Array, false)
#5 D:\xampp\htdocs\ourarts\wp-content\plugins\woocommerce-smart-coupons\includes\libraries\action-scheduler\classes\data-stores\ActionScheduler_wpPostStore.php(797): wp_update_post(Array)
#6 D:\xampp\htdocs\ourarts\wp-content\plugins\woocom في D:\xampp\htdocs\ourarts\wp-content\plugins\wordpress-seo\admin\links\class-link-watcher.php في السطر 47

2020-08-31T00:39:04+00:00 CRITICAL Maximum execution time of 30 seconds exceeded in D:\xampp\htdocs\ourarts\wp-includes\wp-db.php on line 2030

2020-08-31T00:39:21+00:00 CRITICAL Maximum execution time of 30 seconds exceeded in D:\xampp\htdocs\ourarts\wp-content\plugins\woocommerce\packages\woocommerce-blocks\src\RestApi\Controllers\ProductAttributeTerms.php on line 13

2020-08-31T00:39:21+00:00 CRITICAL Maximum execution time of 30 seconds exceeded في D:\xampp\htdocs\ourarts\wp-content\plugins\yith-woocommerce-order-tracking\class.yith-woocommerce-order-tracking.php في السطر 4

2020-08-31T00:39:31+00:00 CRITICAL Maximum execution time of 30 seconds exceeded في D:\xampp\htdocs\ourarts\wp-includes\wp-db.php في السطر 2030

2020-08-31T00:39:38+00:00 CRITICAL Uncaught TypeError: Argument 2 passed to WPSEO_Link_Watcher::save_post() must be an instance of WP_Post, null given, called in D:\xampp\htdocs\ourarts\wp-includes\class-wp-hook.php on line 290 and defined in D:\xampp\htdocs\ourarts\wp-content\plugins\wordpress-seo\admin\links\class-link-watcher.php:47
Stack trace:
#0 D:\xampp\htdocs\ourarts\wp-includes\class-wp-hook.php(290): WPSEO_Link_Watcher->save_post(30109, NULL)
#1 D:\xampp\htdocs\ourarts\wp-includes\class-wp-hook.php(312): WP_Hook->apply_filters(NULL, Array)
#2 D:\xampp\htdocs\ourarts\wp-includes\plugin.php(478): WP_Hook->do_action(Array)
#3 D:\xampp\htdocs\ourarts\wp-includes\post.php(4120): do_action('save_post', 30109, NULL, true)
#4 D:\xampp\htdocs\ourarts\wp-includes\post.php(4197): wp_insert_post(Array, false)
#5 D:\xampp\htdocs\ourarts\wp-content\plugins\woocommerce-smart-coupons\includes\libraries\action-scheduler\classes\data-stores\ActionScheduler_wpPostStore.php(797): wp_update_post(Array)
#6 D:\xampp\htdocs\ourarts\wp-content\plugins\woocom in D:\xampp\htdocs\ourarts\wp-content\plugins\wordpress-seo\admin\links\class-link-watcher.php on line 47

2020-08-31T00:39:38+00:00 CRITICAL Maximum execution time of 30 seconds exceeded في D:\xampp\htdocs\ourarts\wp-includes\wp-db.php في السطر 2030

2020-08-31T00:42:57+00:00 CRITICAL Maximum execution time of 30 seconds exceeded في D:\xampp\htdocs\ourarts\wp-includes\wp-db.php في السطر 2030

2020-08-31T00:43:17+00:00 CRITICAL Maximum execution time of 30 seconds exceeded in D:\xampp\htdocs\ourarts\wp-content\plugins\wordpress-seo\admin\class-yoast-input-validation.php on line 13

2020-08-31T00:43:55+00:00 CRITICAL Maximum execution time of 30 seconds exceeded in D:\xampp\htdocs\ourarts\wp-includes\wp-db.php on line 2030

2020-08-31T00:44:03+00:00 CRITICAL Maximum execution time of 30 seconds exceeded in D:\xampp\htdocs\ourarts\wp-content\plugins\dokan-pro\includes\modules\moip\includes\libs\vendor\rmccue\requests\library\Requests\Transport\cURL.php on line 441

2020-08-31T00:44:13+00:00 CRITICAL Maximum execution time of 30 seconds exceeded في D:\xampp\htdocs\ourarts\wp-includes\wp-db.php في السطر 2030

2020-08-31T00:46:57+00:00 CRITICAL Uncaught TypeError: Argument 2 passed to WPSEO_Link_Watcher::save_post() must be an instance of WP_Post, null given, called in D:\xampp\htdocs\ourarts\wp-includes\class-wp-hook.php on line 290 and defined in D:\xampp\htdocs\ourarts\wp-content\plugins\wordpress-seo\admin\links\class-link-watcher.php:47
Stack trace:
#0 D:\xampp\htdocs\ourarts\wp-includes\class-wp-hook.php(290): WPSEO_Link_Watcher->save_post(30201, NULL)
#1 D:\xampp\htdocs\ourarts\wp-includes\class-wp-hook.php(312): WP_Hook->apply_filters(NULL, Array)
#2 D:\xampp\htdocs\ourarts\wp-includes\plugin.php(478): WP_Hook->do_action(Array)
#3 D:\xampp\htdocs\ourarts\wp-includes\post.php(4120): do_action('save_post', 30201, NULL, true)
#4 D:\xampp\htdocs\ourarts\wp-includes\post.php(4197): wp_insert_post(Array, false)
#5 D:\xampp\htdocs\ourarts\wp-content\plugins\woocommerce-smart-coupons\includes\libraries\action-scheduler\classes\data-stores\ActionScheduler_wpPostStore.php(797): wp_update_post(Array)
#6 D:\xampp\htdocs\ourarts\wp-content\plugins\woocom in D:\xampp\htdocs\ourarts\wp-content\plugins\wordpress-seo\admin\links\class-link-watcher.php on line 47

2020-08-31T00:47:32+00:00 CRITICAL Uncaught TypeError: Argument 2 passed to WPSEO_Link_Watcher::save_post() must be an instance of WP_Post, null given, called in D:\xampp\htdocs\ourarts\wp-includes\class-wp-hook.php on line 290 and defined in D:\xampp\htdocs\ourarts\wp-content\plugins\wordpress-seo\admin\links\class-link-watcher.php:47
Stack trace:
#0 D:\xampp\htdocs\ourarts\wp-includes\class-wp-hook.php(290): WPSEO_Link_Watcher->save_post(30211, NULL)
#1 D:\xampp\htdocs\ourarts\wp-includes\class-wp-hook.php(312): WP_Hook->apply_filters(NULL, Array)
#2 D:\xampp\htdocs\ourarts\wp-includes\plugin.php(478): WP_Hook->do_action(Array)
#3 D:\xampp\htdocs\ourarts\wp-includes\post.php(4120): do_action('save_post', 30211, NULL, true)
#4 D:\xampp\htdocs\ourarts\wp-includes\post.php(4197): wp_insert_post(Array, false)
#5 D:\xampp\htdocs\ourarts\wp-content\plugins\woocommerce-smart-coupons\includes\libraries\action-scheduler\classes\data-stores\ActionScheduler_wpPostStore.php(797): wp_update_post(Array)
#6 D:\xampp\htdocs\ourarts\wp-content\plugins\woocom in D:\xampp\htdocs\ourarts\wp-content\plugins\wordpress-seo\admin\links\class-link-watcher.php on line 47

2020-08-31T00:48:41+00:00 CRITICAL Uncaught TypeError: Argument 2 passed to WPSEO_Link_Watcher::save_post() must be an instance of WP_Post, null given, called in D:\xampp\htdocs\ourarts\wp-includes\class-wp-hook.php on line 290 and defined in D:\xampp\htdocs\ourarts\wp-content\plugins\wordpress-seo\admin\links\class-link-watcher.php:47
Stack trace:
#0 D:\xampp\htdocs\ourarts\wp-includes\class-wp-hook.php(290): WPSEO_Link_Watcher->save_post(30246, NULL)
#1 D:\xampp\htdocs\ourarts\wp-includes\class-wp-hook.php(312): WP_Hook->apply_filters(NULL, Array)
#2 D:\xampp\htdocs\ourarts\wp-includes\plugin.php(478): WP_Hook->do_action(Array)
#3 D:\xampp\htdocs\ourarts\wp-includes\post.php(4120): do_action('save_post', 30246, NULL, true)
#4 D:\xampp\htdocs\ourarts\wp-includes\post.php(4197): wp_insert_post(Array, false)
#5 D:\xampp\htdocs\ourarts\wp-content\plugins\woocommerce-smart-coupons\includes\libraries\action-scheduler\classes\data-stores\ActionScheduler_wpPostStore.php(797): wp_update_post(Array)
#6 D:\xampp\htdocs\ourarts\wp-content\plugins\woocom في D:\xampp\htdocs\ourarts\wp-content\plugins\wordpress-seo\admin\links\class-link-watcher.php في السطر 47

2020-08-31T00:49:40+00:00 CRITICAL Maximum execution time of 30 seconds exceeded in D:\xampp\htdocs\ourarts\wp-content\plugins\woocommerce-smart-coupons\includes\libraries\action-scheduler\classes\ActionScheduler_AsyncRequest_QueueRunner.php on line 61

2020-08-31T00:49:52+00:00 CRITICAL Uncaught TypeError: Argument 2 passed to WPSEO_Link_Watcher::save_post() must be an instance of WP_Post, null given, called in D:\xampp\htdocs\ourarts\wp-includes\class-wp-hook.php on line 290 and defined in D:\xampp\htdocs\ourarts\wp-content\plugins\wordpress-seo\admin\links\class-link-watcher.php:47
Stack trace:
#0 D:\xampp\htdocs\ourarts\wp-includes\class-wp-hook.php(290): WPSEO_Link_Watcher->save_post(30289, NULL)
#1 D:\xampp\htdocs\ourarts\wp-includes\class-wp-hook.php(312): WP_Hook->apply_filters(NULL, Array)
#2 D:\xampp\htdocs\ourarts\wp-includes\plugin.php(478): WP_Hook->do_action(Array)
#3 D:\xampp\htdocs\ourarts\wp-includes\post.php(4120): do_action('save_post', 30289, NULL, true)
#4 D:\xampp\htdocs\ourarts\wp-includes\post.php(4197): wp_insert_post(Array, false)
#5 D:\xampp\htdocs\ourarts\wp-content\plugins\woocommerce-smart-coupons\includes\libraries\action-scheduler\classes\data-stores\ActionScheduler_wpPostStore.php(797): wp_update_post(Array)
#6 D:\xampp\htdocs\ourarts\wp-content\plugins\woocom in D:\xampp\htdocs\ourarts\wp-content\plugins\wordpress-seo\admin\links\class-link-watcher.php on line 47

2020-08-31T00:49:58+00:00 CRITICAL Uncaught TypeError: Argument 2 passed to WPSEO_Link_Watcher::save_post() must be an instance of WP_Post, null given, called in D:\xampp\htdocs\ourarts\wp-includes\class-wp-hook.php on line 290 and defined in D:\xampp\htdocs\ourarts\wp-content\plugins\wordpress-seo\admin\links\class-link-watcher.php:47
Stack trace:
#0 D:\xampp\htdocs\ourarts\wp-includes\class-wp-hook.php(290): WPSEO_Link_Watcher->save_post(30295, NULL)
#1 D:\xampp\htdocs\ourarts\wp-includes\class-wp-hook.php(312): WP_Hook->apply_filters(NULL, Array)
#2 D:\xampp\htdocs\ourarts\wp-includes\plugin.php(478): WP_Hook->do_action(Array)
#3 D:\xampp\htdocs\ourarts\wp-includes\post.php(4120): do_action('save_post', 30295, NULL, true)
#4 D:\xampp\htdocs\ourarts\wp-includes\post.php(4197): wp_insert_post(Array, false)
#5 D:\xampp\htdocs\ourarts\wp-content\plugins\woocommerce-smart-coupons\includes\libraries\action-scheduler\classes\data-stores\ActionScheduler_wpPostStore.php(797): wp_update_post(Array)
#6 D:\xampp\htdocs\ourarts\wp-content\plugins\woocom in D:\xampp\htdocs\ourarts\wp-content\plugins\wordpress-seo\admin\links\class-link-watcher.php on line 47

2020-08-31T00:51:28+00:00 CRITICAL Uncaught TypeError: Argument 2 passed to WPSEO_Link_Watcher::save_post() must be an instance of WP_Post, null given, called in D:\xampp\htdocs\ourarts\wp-includes\class-wp-hook.php on line 290 and defined in D:\xampp\htdocs\ourarts\wp-content\plugins\wordpress-seo\admin\links\class-link-watcher.php:47
Stack trace:
#0 D:\xampp\htdocs\ourarts\wp-includes\class-wp-hook.php(290): WPSEO_Link_Watcher->save_post(30308, NULL)
#1 D:\xampp\htdocs\ourarts\wp-includes\class-wp-hook.php(312): WP_Hook->apply_filters(NULL, Array)
#2 D:\xampp\htdocs\ourarts\wp-includes\plugin.php(478): WP_Hook->do_action(Array)
#3 D:\xampp\htdocs\ourarts\wp-includes\post.php(4120): do_action('save_post', 30308, NULL, true)
#4 D:\xampp\htdocs\ourarts\wp-includes\post.php(4197): wp_insert_post(Array, false)
#5 D:\xampp\htdocs\ourarts\wp-content\plugins\woocommerce-smart-coupons\includes\libraries\action-scheduler\classes\data-stores\ActionScheduler_wpPostStore.php(797): wp_update_post(Array)
#6 D:\xampp\htdocs\ourarts\wp-content\plugins\woocom in D:\xampp\htdocs\ourarts\wp-content\plugins\wordpress-seo\admin\links\class-link-watcher.php on line 47

2020-08-31T00:52:49+00:00 CRITICAL Uncaught TypeError: Argument 2 passed to WPSEO_Link_Watcher::save_post() must be an instance of WP_Post, null given, called in D:\xampp\htdocs\ourarts\wp-includes\class-wp-hook.php on line 290 and defined in D:\xampp\htdocs\ourarts\wp-content\plugins\wordpress-seo\admin\links\class-link-watcher.php:47
Stack trace:
#0 D:\xampp\htdocs\ourarts\wp-includes\class-wp-hook.php(290): WPSEO_Link_Watcher->save_post(30329, NULL)
#1 D:\xampp\htdocs\ourarts\wp-includes\class-wp-hook.php(312): WP_Hook->apply_filters(NULL, Array)
#2 D:\xampp\htdocs\ourarts\wp-includes\plugin.php(478): WP_Hook->do_action(Array)
#3 D:\xampp\htdocs\ourarts\wp-includes\post.php(4120): do_action('save_post', 30329, NULL, true)
#4 D:\xampp\htdocs\ourarts\wp-includes\post.php(4197): wp_insert_post(Array, false)
#5 D:\xampp\htdocs\ourarts\wp-content\plugins\woocommerce-smart-coupons\includes\libraries\action-scheduler\classes\data-stores\ActionScheduler_wpPostStore.php(797): wp_update_post(Array)
#6 D:\xampp\htdocs\ourarts\wp-content\plugins\woocom in D:\xampp\htdocs\ourarts\wp-content\plugins\wordpress-seo\admin\links\class-link-watcher.php on line 47

2020-08-31T00:52:51+00:00 CRITICAL Uncaught TypeError: Argument 2 passed to WPSEO_Link_Watcher::save_post() must be an instance of WP_Post, null given, called in D:\xampp\htdocs\ourarts\wp-includes\class-wp-hook.php on line 290 and defined in D:\xampp\htdocs\ourarts\wp-content\plugins\wordpress-seo\admin\links\class-link-watcher.php:47
Stack trace:
#0 D:\xampp\htdocs\ourarts\wp-includes\class-wp-hook.php(290): WPSEO_Link_Watcher->save_post(30331, NULL)
#1 D:\xampp\htdocs\ourarts\wp-includes\class-wp-hook.php(312): WP_Hook->apply_filters(NULL, Array)
#2 D:\xampp\htdocs\ourarts\wp-includes\plugin.php(478): WP_Hook->do_action(Array)
#3 D:\xampp\htdocs\ourarts\wp-includes\post.php(4120): do_action('save_post', 30331, NULL, true)
#4 D:\xampp\htdocs\ourarts\wp-includes\post.php(4197): wp_insert_post(Array, false)
#5 D:\xampp\htdocs\ourarts\wp-content\plugins\woocommerce-smart-coupons\includes\libraries\action-scheduler\classes\data-stores\ActionScheduler_wpPostStore.php(797): wp_update_post(Array)
#6 D:\xampp\htdocs\ourarts\wp-content\plugins\woocom في D:\xampp\htdocs\ourarts\wp-content\plugins\wordpress-seo\admin\links\class-link-watcher.php في السطر 47

2020-08-31T00:53:18+00:00 CRITICAL Maximum execution time of 30 seconds exceeded in D:\xampp\htdocs\ourarts\wp-includes\wp-db.php on line 2030

2020-08-31T00:54:06+00:00 CRITICAL Uncaught TypeError: Argument 2 passed to WPSEO_Link_Watcher::save_post() must be an instance of WP_Post, null given, called in D:\xampp\htdocs\ourarts\wp-includes\class-wp-hook.php on line 290 and defined in D:\xampp\htdocs\ourarts\wp-content\plugins\wordpress-seo\admin\links\class-link-watcher.php:47
Stack trace:
#0 D:\xampp\htdocs\ourarts\wp-includes\class-wp-hook.php(290): WPSEO_Link_Watcher->save_post(30361, NULL)
#1 D:\xampp\htdocs\ourarts\wp-includes\class-wp-hook.php(312): WP_Hook->apply_filters(NULL, Array)
#2 D:\xampp\htdocs\ourarts\wp-includes\plugin.php(478): WP_Hook->do_action(Array)
#3 D:\xampp\htdocs\ourarts\wp-includes\post.php(4120): do_action('save_post', 30361, NULL, true)
#4 D:\xampp\htdocs\ourarts\wp-includes\post.php(4197): wp_insert_post(Array, false)
#5 D:\xampp\htdocs\ourarts\wp-content\plugins\woocommerce-smart-coupons\includes\libraries\action-scheduler\classes\data-stores\ActionScheduler_wpPostStore.php(797): wp_update_post(Array)
#6 D:\xampp\htdocs\ourarts\wp-content\plugins\woocom في D:\xampp\htdocs\ourarts\wp-content\plugins\wordpress-seo\admin\links\class-link-watcher.php في السطر 47

2020-08-31T00:54:35+00:00 CRITICAL Maximum execution time of 30 seconds exceeded in D:\xampp\htdocs\ourarts\wp-includes\wp-db.php on line 2030

2020-08-31T00:55:25+00:00 CRITICAL Uncaught TypeError: Argument 2 passed to WPSEO_Link_Watcher::save_post() must be an instance of WP_Post, null given, called in D:\xampp\htdocs\ourarts\wp-includes\class-wp-hook.php on line 290 and defined in D:\xampp\htdocs\ourarts\wp-content\plugins\wordpress-seo\admin\links\class-link-watcher.php:47
Stack trace:
#0 D:\xampp\htdocs\ourarts\wp-includes\class-wp-hook.php(290): WPSEO_Link_Watcher->save_post(30399, NULL)
#1 D:\xampp\htdocs\ourarts\wp-includes\class-wp-hook.php(312): WP_Hook->apply_filters(NULL, Array)
#2 D:\xampp\htdocs\ourarts\wp-includes\plugin.php(478): WP_Hook->do_action(Array)
#3 D:\xampp\htdocs\ourarts\wp-includes\post.php(4120): do_action('save_post', 30399, NULL, true)
#4 D:\xampp\htdocs\ourarts\wp-includes\post.php(4197): wp_insert_post(Array, false)
#5 D:\xampp\htdocs\ourarts\wp-content\plugins\woocommerce-smart-coupons\includes\libraries\action-scheduler\classes\data-stores\ActionScheduler_wpPostStore.php(797): wp_update_post(Array)
#6 D:\xampp\htdocs\ourarts\wp-content\plugins\woocom in D:\xampp\htdocs\ourarts\wp-content\plugins\wordpress-seo\admin\links\class-link-watcher.php on line 47

2020-08-31T00:56:45+00:00 CRITICAL Uncaught TypeError: Argument 2 passed to WPSEO_Link_Watcher::save_post() must be an instance of WP_Post, null given, called in D:\xampp\htdocs\ourarts\wp-includes\class-wp-hook.php on line 290 and defined in D:\xampp\htdocs\ourarts\wp-content\plugins\wordpress-seo\admin\links\class-link-watcher.php:47
Stack trace:
#0 D:\xampp\htdocs\ourarts\wp-includes\class-wp-hook.php(290): WPSEO_Link_Watcher->save_post(30419, NULL)
#1 D:\xampp\htdocs\ourarts\wp-includes\class-wp-hook.php(312): WP_Hook->apply_filters(NULL, Array)
#2 D:\xampp\htdocs\ourarts\wp-includes\plugin.php(478): WP_Hook->do_action(Array)
#3 D:\xampp\htdocs\ourarts\wp-includes\post.php(4120): do_action('save_post', 30419, NULL, true)
#4 D:\xampp\htdocs\ourarts\wp-includes\post.php(4197): wp_insert_post(Array, false)
#5 D:\xampp\htdocs\ourarts\wp-content\plugins\woocommerce-smart-coupons\includes\libraries\action-scheduler\classes\data-stores\ActionScheduler_wpPostStore.php(797): wp_update_post(Array)
#6 D:\xampp\htdocs\ourarts\wp-content\plugins\woocom in D:\xampp\htdocs\ourarts\wp-content\plugins\wordpress-seo\admin\links\class-link-watcher.php on line 47

2020-08-31T00:56:47+00:00 CRITICAL Uncaught TypeError: Argument 2 passed to WPSEO_Link_Watcher::save_post() must be an instance of WP_Post, null given, called in D:\xampp\htdocs\ourarts\wp-includes\class-wp-hook.php on line 290 and defined in D:\xampp\htdocs\ourarts\wp-content\plugins\wordpress-seo\admin\links\class-link-watcher.php:47
Stack trace:
#0 D:\xampp\htdocs\ourarts\wp-includes\class-wp-hook.php(290): WPSEO_Link_Watcher->save_post(30421, NULL)
#1 D:\xampp\htdocs\ourarts\wp-includes\class-wp-hook.php(312): WP_Hook->apply_filters(NULL, Array)
#2 D:\xampp\htdocs\ourarts\wp-includes\plugin.php(478): WP_Hook->do_action(Array)
#3 D:\xampp\htdocs\ourarts\wp-includes\post.php(4120): do_action('save_post', 30421, NULL, true)
#4 D:\xampp\htdocs\ourarts\wp-includes\post.php(4197): wp_insert_post(Array, false)
#5 D:\xampp\htdocs\ourarts\wp-content\plugins\woocommerce-smart-coupons\includes\libraries\action-scheduler\classes\data-stores\ActionScheduler_wpPostStore.php(797): wp_update_post(Array)
#6 D:\xampp\htdocs\ourarts\wp-content\plugins\woocom in D:\xampp\htdocs\ourarts\wp-content\plugins\wordpress-seo\admin\links\class-link-watcher.php on line 47

2020-08-31T00:58:37+00:00 CRITICAL Uncaught TypeError: Argument 2 passed to WPSEO_Link_Watcher::save_post() must be an instance of WP_Post, null given, called in D:\xampp\htdocs\ourarts\wp-includes\class-wp-hook.php on line 290 and defined in D:\xampp\htdocs\ourarts\wp-content\plugins\wordpress-seo\admin\links\class-link-watcher.php:47
Stack trace:
#0 D:\xampp\htdocs\ourarts\wp-includes\class-wp-hook.php(290): WPSEO_Link_Watcher->save_post(30437, NULL)
#1 D:\xampp\htdocs\ourarts\wp-includes\class-wp-hook.php(312): WP_Hook->apply_filters(NULL, Array)
#2 D:\xampp\htdocs\ourarts\wp-includes\plugin.php(478): WP_Hook->do_action(Array)
#3 D:\xampp\htdocs\ourarts\wp-includes\post.php(4120): do_action('save_post', 30437, NULL, true)
#4 D:\xampp\htdocs\ourarts\wp-includes\post.php(4197): wp_insert_post(Array, false)
#5 D:\xampp\htdocs\ourarts\wp-content\plugins\woocommerce-smart-coupons\includes\libraries\action-scheduler\classes\data-stores\ActionScheduler_wpPostStore.php(797): wp_update_post(Array)
#6 D:\xampp\htdocs\ourarts\wp-content\plugins\woocom في D:\xampp\htdocs\ourarts\wp-content\plugins\wordpress-seo\admin\links\class-link-watcher.php في السطر 47

2020-08-31T01:00:04+00:00 CRITICAL Uncaught TypeError: Argument 2 passed to WPSEO_Link_Watcher::save_post() must be an instance of WP_Post, null given, called in D:\xampp\htdocs\ourarts\wp-includes\class-wp-hook.php on line 290 and defined in D:\xampp\htdocs\ourarts\wp-content\plugins\wordpress-seo\admin\links\class-link-watcher.php:47
Stack trace:
#0 D:\xampp\htdocs\ourarts\wp-includes\class-wp-hook.php(290): WPSEO_Link_Watcher->save_post(30498, NULL)
#1 D:\xampp\htdocs\ourarts\wp-includes\class-wp-hook.php(312): WP_Hook->apply_filters(NULL, Array)
#2 D:\xampp\htdocs\ourarts\wp-includes\plugin.php(478): WP_Hook->do_action(Array)
#3 D:\xampp\htdocs\ourarts\wp-includes\post.php(4120): do_action('save_post', 30498, NULL, true)
#4 D:\xampp\htdocs\ourarts\wp-includes\post.php(4197): wp_insert_post(Array, false)
#5 D:\xampp\htdocs\ourarts\wp-content\plugins\woocommerce-smart-coupons\includes\libraries\action-scheduler\classes\data-stores\ActionScheduler_wpPostStore.php(797): wp_update_post(Array)
#6 D:\xampp\htdocs\ourarts\wp-content\plugins\woocom في D:\xampp\htdocs\ourarts\wp-content\plugins\wordpress-seo\admin\links\class-link-watcher.php في السطر 47

2020-08-31T01:01:03+00:00 CRITICAL Uncaught TypeError: Argument 2 passed to WPSEO_Link_Watcher::save_post() must be an instance of WP_Post, null given, called in D:\xampp\htdocs\ourarts\wp-includes\class-wp-hook.php on line 290 and defined in D:\xampp\htdocs\ourarts\wp-content\plugins\wordpress-seo\admin\links\class-link-watcher.php:47
Stack trace:
#0 D:\xampp\htdocs\ourarts\wp-includes\class-wp-hook.php(290): WPSEO_Link_Watcher->save_post(30554, NULL)
#1 D:\xampp\htdocs\ourarts\wp-includes\class-wp-hook.php(312): WP_Hook->apply_filters(NULL, Array)
#2 D:\xampp\htdocs\ourarts\wp-includes\plugin.php(478): WP_Hook->do_action(Array)
#3 D:\xampp\htdocs\ourarts\wp-includes\post.php(4120): do_action('save_post', 30554, NULL, true)
#4 D:\xampp\htdocs\ourarts\wp-includes\post.php(4197): wp_insert_post(Array, false)
#5 D:\xampp\htdocs\ourarts\wp-content\plugins\woocommerce-smart-coupons\includes\libraries\action-scheduler\classes\data-stores\ActionScheduler_wpPostStore.php(797): wp_update_post(Array)
#6 D:\xampp\htdocs\ourarts\wp-content\plugins\woocom in D:\xampp\htdocs\ourarts\wp-content\plugins\wordpress-seo\admin\links\class-link-watcher.php on line 47

2020-08-31T01:01:05+00:00 CRITICAL Uncaught TypeError: Argument 2 passed to WPSEO_Link_Watcher::save_post() must be an instance of WP_Post, null given, called in D:\xampp\htdocs\ourarts\wp-includes\class-wp-hook.php on line 290 and defined in D:\xampp\htdocs\ourarts\wp-content\plugins\wordpress-seo\admin\links\class-link-watcher.php:47
Stack trace:
#0 D:\xampp\htdocs\ourarts\wp-includes\class-wp-hook.php(290): WPSEO_Link_Watcher->save_post(30555, NULL)
#1 D:\xampp\htdocs\ourarts\wp-includes\class-wp-hook.php(312): WP_Hook->apply_filters(NULL, Array)
#2 D:\xampp\htdocs\ourarts\wp-includes\plugin.php(478): WP_Hook->do_action(Array)
#3 D:\xampp\htdocs\ourarts\wp-includes\post.php(4120): do_action('save_post', 30555, NULL, true)
#4 D:\xampp\htdocs\ourarts\wp-includes\post.php(4197): wp_insert_post(Array, false)
#5 D:\xampp\htdocs\ourarts\wp-content\plugins\woocommerce-smart-coupons\includes\libraries\action-scheduler\classes\data-stores\ActionScheduler_wpPostStore.php(797): wp_update_post(Array)
#6 D:\xampp\htdocs\ourarts\wp-content\plugins\woocom في D:\xampp\htdocs\ourarts\wp-content\plugins\wordpress-seo\admin\links\class-link-watcher.php في السطر 47

2020-08-31T01:01:51+00:00 CRITICAL Maximum execution time of 30 seconds exceeded in D:\xampp\htdocs\ourarts\wp-includes\wp-db.php on line 2030

2020-08-31T01:03:14+00:00 CRITICAL Uncaught TypeError: Argument 2 passed to WPSEO_Link_Watcher::save_post() must be an instance of WP_Post, null given, called in D:\xampp\htdocs\ourarts\wp-includes\class-wp-hook.php on line 290 and defined in D:\xampp\htdocs\ourarts\wp-content\plugins\wordpress-seo\admin\links\class-link-watcher.php:47
Stack trace:
#0 D:\xampp\htdocs\ourarts\wp-includes\class-wp-hook.php(290): WPSEO_Link_Watcher->save_post(30600, NULL)
#1 D:\xampp\htdocs\ourarts\wp-includes\class-wp-hook.php(312): WP_Hook->apply_filters(NULL, Array)
#2 D:\xampp\htdocs\ourarts\wp-includes\plugin.php(478): WP_Hook->do_action(Array)
#3 D:\xampp\htdocs\ourarts\wp-includes\post.php(4120): do_action('save_post', 30600, NULL, true)
#4 D:\xampp\htdocs\ourarts\wp-includes\post.php(4197): wp_insert_post(Array, false)
#5 D:\xampp\htdocs\ourarts\wp-content\plugins\woocommerce-smart-coupons\includes\libraries\action-scheduler\classes\data-stores\ActionScheduler_wpPostStore.php(797): wp_update_post(Array)
#6 D:\xampp\htdocs\ourarts\wp-content\plugins\woocom in D:\xampp\htdocs\ourarts\wp-content\plugins\wordpress-seo\admin\links\class-link-watcher.php on line 47

2020-08-31T01:04:26+00:00 CRITICAL Uncaught TypeError: Argument 2 passed to WPSEO_Link_Watcher::save_post() must be an instance of WP_Post, null given, called in D:\xampp\htdocs\ourarts\wp-includes\class-wp-hook.php on line 290 and defined in D:\xampp\htdocs\ourarts\wp-content\plugins\wordpress-seo\admin\links\class-link-watcher.php:47
Stack trace:
#0 D:\xampp\htdocs\ourarts\wp-includes\class-wp-hook.php(290): WPSEO_Link_Watcher->save_post(30621, NULL)
#1 D:\xampp\htdocs\ourarts\wp-includes\class-wp-hook.php(312): WP_Hook->apply_filters(NULL, Array)
#2 D:\xampp\htdocs\ourarts\wp-includes\plugin.php(478): WP_Hook->do_action(Array)
#3 D:\xampp\htdocs\ourarts\wp-includes\post.php(4120): do_action('save_post', 30621, NULL, true)
#4 D:\xampp\htdocs\ourarts\wp-includes\post.php(4197): wp_insert_post(Array, false)
#5 D:\xampp\htdocs\ourarts\wp-content\plugins\woocommerce-smart-coupons\includes\libraries\action-scheduler\classes\data-stores\ActionScheduler_wpPostStore.php(797): wp_update_post(Array)
#6 D:\xampp\htdocs\ourarts\wp-content\plugins\woocom في D:\xampp\htdocs\ourarts\wp-content\plugins\wordpress-seo\admin\links\class-link-watcher.php في السطر 47

2020-08-31T01:05:30+00:00 CRITICAL Uncaught TypeError: Argument 2 passed to WPSEO_Link_Watcher::save_post() must be an instance of WP_Post, null given, called in D:\xampp\htdocs\ourarts\wp-includes\class-wp-hook.php on line 290 and defined in D:\xampp\htdocs\ourarts\wp-content\plugins\wordpress-seo\admin\links\class-link-watcher.php:47
Stack trace:
#0 D:\xampp\htdocs\ourarts\wp-includes\class-wp-hook.php(290): WPSEO_Link_Watcher->save_post(30660, NULL)
#1 D:\xampp\htdocs\ourarts\wp-includes\class-wp-hook.php(312): WP_Hook->apply_filters(NULL, Array)
#2 D:\xampp\htdocs\ourarts\wp-includes\plugin.php(478): WP_Hook->do_action(Array)
#3 D:\xampp\htdocs\ourarts\wp-includes\post.php(4120): do_action('save_post', 30660, NULL, true)
#4 D:\xampp\htdocs\ourarts\wp-includes\post.php(4197): wp_insert_post(Array, false)
#5 D:\xampp\htdocs\ourarts\wp-content\plugins\woocommerce-smart-coupons\includes\libraries\action-scheduler\classes\data-stores\ActionScheduler_wpPostStore.php(797): wp_update_post(Array)
#6 D:\xampp\htdocs\ourarts\wp-content\plugins\woocom in D:\xampp\htdocs\ourarts\wp-content\plugins\wordpress-seo\admin\links\class-link-watcher.php on line 47

2020-08-31T01:05:34+00:00 CRITICAL Uncaught TypeError: Argument 2 passed to WPSEO_Link_Watcher::save_post() must be an instance of WP_Post, null given, called in D:\xampp\htdocs\ourarts\wp-includes\class-wp-hook.php on line 290 and defined in D:\xampp\htdocs\ourarts\wp-content\plugins\wordpress-seo\admin\links\class-link-watcher.php:47
Stack trace:
#0 D:\xampp\htdocs\ourarts\wp-includes\class-wp-hook.php(290): WPSEO_Link_Watcher->save_post(30669, NULL)
#1 D:\xampp\htdocs\ourarts\wp-includes\class-wp-hook.php(312): WP_Hook->apply_filters(NULL, Array)
#2 D:\xampp\htdocs\ourarts\wp-includes\plugin.php(478): WP_Hook->do_action(Array)
#3 D:\xampp\htdocs\ourarts\wp-includes\post.php(4120): do_action('save_post', 30669, NULL, true)
#4 D:\xampp\htdocs\ourarts\wp-includes\post.php(4197): wp_insert_post(Array, false)
#5 D:\xampp\htdocs\ourarts\wp-content\plugins\woocommerce-smart-coupons\includes\libraries\action-scheduler\classes\data-stores\ActionScheduler_wpPostStore.php(797): wp_update_post(Array)
#6 D:\xampp\htdocs\ourarts\wp-content\plugins\woocom in D:\xampp\htdocs\ourarts\wp-content\plugins\wordpress-seo\admin\links\class-link-watcher.php on line 47

2020-08-31T01:05:41+00:00 CRITICAL Uncaught TypeError: Argument 2 passed to WPSEO_Link_Watcher::save_post() must be an instance of WP_Post, null given, called in D:\xampp\htdocs\ourarts\wp-includes\class-wp-hook.php on line 290 and defined in D:\xampp\htdocs\ourarts\wp-content\plugins\wordpress-seo\admin\links\class-link-watcher.php:47
Stack trace:
#0 D:\xampp\htdocs\ourarts\wp-includes\class-wp-hook.php(290): WPSEO_Link_Watcher->save_post(30678, NULL)
#1 D:\xampp\htdocs\ourarts\wp-includes\class-wp-hook.php(312): WP_Hook->apply_filters(NULL, Array)
#2 D:\xampp\htdocs\ourarts\wp-includes\plugin.php(478): WP_Hook->do_action(Array)
#3 D:\xampp\htdocs\ourarts\wp-includes\post.php(4120): do_action('save_post', 30678, NULL, true)
#4 D:\xampp\htdocs\ourarts\wp-includes\post.php(4197): wp_insert_post(Array, false)
#5 D:\xampp\htdocs\ourarts\wp-content\plugins\woocommerce-smart-coupons\includes\libraries\action-scheduler\classes\data-stores\ActionScheduler_wpPostStore.php(797): wp_update_post(Array)
#6 D:\xampp\htdocs\ourarts\wp-content\plugins\woocom in D:\xampp\htdocs\ourarts\wp-content\plugins\wordpress-seo\admin\links\class-link-watcher.php on line 47

2020-08-31T01:06:57+00:00 CRITICAL Uncaught TypeError: Argument 2 passed to WPSEO_Link_Watcher::save_post() must be an instance of WP_Post, null given, called in D:\xampp\htdocs\ourarts\wp-includes\class-wp-hook.php on line 290 and defined in D:\xampp\htdocs\ourarts\wp-content\plugins\wordpress-seo\admin\links\class-link-watcher.php:47
Stack trace:
#0 D:\xampp\htdocs\ourarts\wp-includes\class-wp-hook.php(290): WPSEO_Link_Watcher->save_post(30680, NULL)
#1 D:\xampp\htdocs\ourarts\wp-includes\class-wp-hook.php(312): WP_Hook->apply_filters(NULL, Array)
#2 D:\xampp\htdocs\ourarts\wp-includes\plugin.php(478): WP_Hook->do_action(Array)
#3 D:\xampp\htdocs\ourarts\wp-includes\post.php(4120): do_action('save_post', 30680, NULL, true)
#4 D:\xampp\htdocs\ourarts\wp-includes\post.php(4197): wp_insert_post(Array, false)
#5 D:\xampp\htdocs\ourarts\wp-content\plugins\woocommerce-smart-coupons\includes\libraries\action-scheduler\classes\data-stores\ActionScheduler_wpPostStore.php(797): wp_update_post(Array)
#6 D:\xampp\htdocs\ourarts\wp-content\plugins\woocom in D:\xampp\htdocs\ourarts\wp-content\plugins\wordpress-seo\admin\links\class-link-watcher.php on line 47

2020-08-31T01:07:01+00:00 CRITICAL Uncaught TypeError: Argument 2 passed to WPSEO_Link_Watcher::save_post() must be an instance of WP_Post, null given, called in D:\xampp\htdocs\ourarts\wp-includes\class-wp-hook.php on line 290 and defined in D:\xampp\htdocs\ourarts\wp-content\plugins\wordpress-seo\admin\links\class-link-watcher.php:47
Stack trace:
#0 D:\xampp\htdocs\ourarts\wp-includes\class-wp-hook.php(290): WPSEO_Link_Watcher->save_post(30684, NULL)
#1 D:\xampp\htdocs\ourarts\wp-includes\class-wp-hook.php(312): WP_Hook->apply_filters(NULL, Array)
#2 D:\xampp\htdocs\ourarts\wp-includes\plugin.php(478): WP_Hook->do_action(Array)
#3 D:\xampp\htdocs\ourarts\wp-includes\post.php(4120): do_action('save_post', 30684, NULL, true)
#4 D:\xampp\htdocs\ourarts\wp-includes\post.php(4197): wp_insert_post(Array, false)
#5 D:\xampp\htdocs\ourarts\wp-content\plugins\woocommerce-smart-coupons\includes\libraries\action-scheduler\classes\data-stores\ActionScheduler_wpPostStore.php(797): wp_update_post(Array)
#6 D:\xampp\htdocs\ourarts\wp-content\plugins\woocom in D:\xampp\htdocs\ourarts\wp-content\plugins\wordpress-seo\admin\links\class-link-watcher.php on line 47

2020-08-31T01:08:08+00:00 CRITICAL Uncaught TypeError: Argument 2 passed to WPSEO_Link_Watcher::save_post() must be an instance of WP_Post, null given, called in D:\xampp\htdocs\ourarts\wp-includes\class-wp-hook.php on line 290 and defined in D:\xampp\htdocs\ourarts\wp-content\plugins\wordpress-seo\admin\links\class-link-watcher.php:47
Stack trace:
#0 D:\xampp\htdocs\ourarts\wp-includes\class-wp-hook.php(290): WPSEO_Link_Watcher->save_post(30700, NULL)
#1 D:\xampp\htdocs\ourarts\wp-includes\class-wp-hook.php(312): WP_Hook->apply_filters(NULL, Array)
#2 D:\xampp\htdocs\ourarts\wp-includes\plugin.php(478): WP_Hook->do_action(Array)
#3 D:\xampp\htdocs\ourarts\wp-includes\post.php(4120): do_action('save_post', 30700, NULL, true)
#4 D:\xampp\htdocs\ourarts\wp-includes\post.php(4197): wp_insert_post(Array, false)
#5 D:\xampp\htdocs\ourarts\wp-content\plugins\woocommerce-smart-coupons\includes\libraries\action-scheduler\classes\data-stores\ActionScheduler_wpPostStore.php(797): wp_update_post(Array)
#6 D:\xampp\htdocs\ourarts\wp-content\plugins\woocom in D:\xampp\htdocs\ourarts\wp-content\plugins\wordpress-seo\admin\links\class-link-watcher.php on line 47

2020-08-31T01:09:49+00:00 CRITICAL Uncaught TypeError: Argument 2 passed to WPSEO_Link_Watcher::save_post() must be an instance of WP_Post, null given, called in D:\xampp\htdocs\ourarts\wp-includes\class-wp-hook.php on line 290 and defined in D:\xampp\htdocs\ourarts\wp-content\plugins\wordpress-seo\admin\links\class-link-watcher.php:47
Stack trace:
#0 D:\xampp\htdocs\ourarts\wp-includes\class-wp-hook.php(290): WPSEO_Link_Watcher->save_post(30719, NULL)
#1 D:\xampp\htdocs\ourarts\wp-includes\class-wp-hook.php(312): WP_Hook->apply_filters(NULL, Array)
#2 D:\xampp\htdocs\ourarts\wp-includes\plugin.php(478): WP_Hook->do_action(Array)
#3 D:\xampp\htdocs\ourarts\wp-includes\post.php(4120): do_action('save_post', 30719, NULL, true)
#4 D:\xampp\htdocs\ourarts\wp-includes\post.php(4197): wp_insert_post(Array, false)
#5 D:\xampp\htdocs\ourarts\wp-content\plugins\woocommerce-smart-coupons\includes\libraries\action-scheduler\classes\data-stores\ActionScheduler_wpPostStore.php(797): wp_update_post(Array)
#6 D:\xampp\htdocs\ourarts\wp-content\plugins\woocom في D:\xampp\htdocs\ourarts\wp-content\plugins\wordpress-seo\admin\links\class-link-watcher.php في السطر 47

2020-08-31T01:10:56+00:00 CRITICAL Uncaught TypeError: Argument 2 passed to WPSEO_Link_Watcher::save_post() must be an instance of WP_Post, null given, called in D:\xampp\htdocs\ourarts\wp-includes\class-wp-hook.php on line 290 and defined in D:\xampp\htdocs\ourarts\wp-content\plugins\wordpress-seo\admin\links\class-link-watcher.php:47
Stack trace:
#0 D:\xampp\htdocs\ourarts\wp-includes\class-wp-hook.php(290): WPSEO_Link_Watcher->save_post(30775, NULL)
#1 D:\xampp\htdocs\ourarts\wp-includes\class-wp-hook.php(312): WP_Hook->apply_filters(NULL, Array)
#2 D:\xampp\htdocs\ourarts\wp-includes\plugin.php(478): WP_Hook->do_action(Array)
#3 D:\xampp\htdocs\ourarts\wp-includes\post.php(4120): do_action('save_post', 30775, NULL, true)
#4 D:\xampp\htdocs\ourarts\wp-includes\post.php(4197): wp_insert_post(Array, false)
#5 D:\xampp\htdocs\ourarts\wp-content\plugins\woocommerce-smart-coupons\includes\libraries\action-scheduler\classes\data-stores\ActionScheduler_wpPostStore.php(797): wp_update_post(Array)
#6 D:\xampp\htdocs\ourarts\wp-content\plugins\woocom في D:\xampp\htdocs\ourarts\wp-content\plugins\wordpress-seo\admin\links\class-link-watcher.php في السطر 47

2020-08-31T01:11:06+00:00 CRITICAL Uncaught TypeError: Argument 2 passed to WPSEO_Link_Watcher::save_post() must be an instance of WP_Post, null given, called in D:\xampp\htdocs\ourarts\wp-includes\class-wp-hook.php on line 290 and defined in D:\xampp\htdocs\ourarts\wp-content\plugins\wordpress-seo\admin\links\class-link-watcher.php:47
Stack trace:
#0 D:\xampp\htdocs\ourarts\wp-includes\class-wp-hook.php(290): WPSEO_Link_Watcher->save_post(30783, NULL)
#1 D:\xampp\htdocs\ourarts\wp-includes\class-wp-hook.php(312): WP_Hook->apply_filters(NULL, Array)
#2 D:\xampp\htdocs\ourarts\wp-includes\plugin.php(478): WP_Hook->do_action(Array)
#3 D:\xampp\htdocs\ourarts\wp-includes\post.php(4120): do_action('save_post', 30783, NULL, true)
#4 D:\xampp\htdocs\ourarts\wp-includes\post.php(4197): wp_insert_post(Array, false)
#5 D:\xampp\htdocs\ourarts\wp-content\plugins\woocommerce-smart-coupons\includes\libraries\action-scheduler\classes\data-stores\ActionScheduler_wpPostStore.php(797): wp_update_post(Array)
#6 D:\xampp\htdocs\ourarts\wp-content\plugins\woocom in D:\xampp\htdocs\ourarts\wp-content\plugins\wordpress-seo\admin\links\class-link-watcher.php on line 47

2020-08-31T01:12:29+00:00 CRITICAL Uncaught TypeError: Argument 2 passed to WPSEO_Link_Watcher::save_post() must be an instance of WP_Post, null given, called in D:\xampp\htdocs\ourarts\wp-includes\class-wp-hook.php on line 290 and defined in D:\xampp\htdocs\ourarts\wp-content\plugins\wordpress-seo\admin\links\class-link-watcher.php:47
Stack trace:
#0 D:\xampp\htdocs\ourarts\wp-includes\class-wp-hook.php(290): WPSEO_Link_Watcher->save_post(30833, NULL)
#1 D:\xampp\htdocs\ourarts\wp-includes\class-wp-hook.php(312): WP_Hook->apply_filters(NULL, Array)
#2 D:\xampp\htdocs\ourarts\wp-includes\plugin.php(478): WP_Hook->do_action(Array)
#3 D:\xampp\htdocs\ourarts\wp-includes\post.php(4120): do_action('save_post', 30833, NULL, true)
#4 D:\xampp\htdocs\ourarts\wp-includes\post.php(4197): wp_insert_post(Array, false)
#5 D:\xampp\htdocs\ourarts\wp-content\plugins\woocommerce-smart-coupons\includes\libraries\action-scheduler\classes\data-stores\ActionScheduler_wpPostStore.php(797): wp_update_post(Array)
#6 D:\xampp\htdocs\ourarts\wp-content\plugins\woocom في D:\xampp\htdocs\ourarts\wp-content\plugins\wordpress-seo\admin\links\class-link-watcher.php في السطر 47

2020-08-31T01:12:59+00:00 CRITICAL Maximum execution time of 30 seconds exceeded in D:\xampp\htdocs\ourarts\wp-content\plugins\woocommerce-smart-coupons\includes\libraries\action-scheduler\classes\ActionScheduler_AsyncRequest_QueueRunner.php on line 61

2020-08-31T01:13:57+00:00 CRITICAL Maximum execution time of 30 seconds exceeded in D:\xampp\htdocs\ourarts\wp-includes\wp-db.php on line 2030

2020-08-31T01:13:59+00:00 CRITICAL Uncaught TypeError: Argument 2 passed to WPSEO_Link_Watcher::save_post() must be an instance of WP_Post, null given, called in D:\xampp\htdocs\ourarts\wp-includes\class-wp-hook.php on line 290 and defined in D:\xampp\htdocs\ourarts\wp-content\plugins\wordpress-seo\admin\links\class-link-watcher.php:47
Stack trace:
#0 D:\xampp\htdocs\ourarts\wp-includes\class-wp-hook.php(290): WPSEO_Link_Watcher->save_post(30897, NULL)
#1 D:\xampp\htdocs\ourarts\wp-includes\class-wp-hook.php(312): WP_Hook->apply_filters(NULL, Array)
#2 D:\xampp\htdocs\ourarts\wp-includes\plugin.php(478): WP_Hook->do_action(Array)
#3 D:\xampp\htdocs\ourarts\wp-includes\post.php(4120): do_action('save_post', 30897, NULL, true)
#4 D:\xampp\htdocs\ourarts\wp-includes\post.php(4197): wp_insert_post(Array, false)
#5 D:\xampp\htdocs\ourarts\wp-content\plugins\woocommerce-smart-coupons\includes\libraries\action-scheduler\classes\data-stores\ActionScheduler_wpPostStore.php(797): wp_update_post(Array)
#6 D:\xampp\htdocs\ourarts\wp-content\plugins\woocom في D:\xampp\htdocs\ourarts\wp-content\plugins\wordpress-seo\admin\links\class-link-watcher.php في السطر 47

2020-08-31T01:14:26+00:00 CRITICAL Maximum execution time of 30 seconds exceeded in D:\xampp\htdocs\ourarts\wp-content\plugins\woocommerce-smart-coupons\includes\libraries\action-scheduler\classes\ActionScheduler_AsyncRequest_QueueRunner.php on line 61

