2020-09-02T00:21:10+00:00 CRITICAL Maximum execution time of 30 seconds exceeded في D:\xampp\htdocs\ourarts\wp-content\themes\flatsome\inc\shortcodes\ux_image.php في السطر 2

2020-09-02T00:22:14+00:00 CRITICAL Maximum execution time of 30 seconds exceeded في D:\xampp\htdocs\ourarts\wp-includes\wp-db.php في السطر 2030

2020-09-02T00:23:20+00:00 CRITICAL Maximum execution time of 30 seconds exceeded في D:\xampp\htdocs\ourarts\wp-content\plugins\dokan-pro\includes\modules\moip\includes\libs\vendor\rmccue\requests\library\Requests\Transport\cURL.php في السطر 163

2020-09-02T00:24:33+00:00 CRITICAL Maximum execution time of 30 seconds exceeded في D:\xampp\htdocs\ourarts\wp-content\plugins\media-library-plus\maxgalleria-media-library.php في السطر 3127

2020-09-02T00:24:38+00:00 CRITICAL Maximum execution time of 30 seconds exceeded في D:\xampp\htdocs\ourarts\wp-content\plugins\media-library-plus\maxgalleria-media-library.php في السطر 3127

2020-09-02T00:24:40+00:00 CRITICAL Maximum execution time of 30 seconds exceeded في D:\xampp\htdocs\ourarts\wp-content\plugins\media-library-plus\maxgalleria-media-library.php في السطر 3127

2020-09-02T00:26:39+00:00 CRITICAL Uncaught TypeError: Argument 2 passed to WPSEO_Link_Watcher::save_post() must be an instance of WP_Post, null given, called in D:\xampp\htdocs\ourarts\wp-includes\class-wp-hook.php on line 290 and defined in D:\xampp\htdocs\ourarts\wp-content\plugins\wordpress-seo\admin\links\class-link-watcher.php:47
Stack trace:
#0 D:\xampp\htdocs\ourarts\wp-includes\class-wp-hook.php(290): WPSEO_Link_Watcher->save_post(30959, NULL)
#1 D:\xampp\htdocs\ourarts\wp-includes\class-wp-hook.php(312): WP_Hook->apply_filters(NULL, Array)
#2 D:\xampp\htdocs\ourarts\wp-includes\plugin.php(478): WP_Hook->do_action(Array)
#3 D:\xampp\htdocs\ourarts\wp-includes\post.php(4120): do_action('save_post', 30959, NULL, true)
#4 D:\xampp\htdocs\ourarts\wp-includes\post.php(4197): wp_insert_post(Array, false)
#5 D:\xampp\htdocs\ourarts\wp-content\plugins\woocommerce-smart-coupons\includes\libraries\action-scheduler\classes\data-stores\ActionScheduler_wpPostStore.php(797): wp_update_post(Array)
#6 D:\xampp\htdocs\ourarts\wp-content\plugins\woocom in D:\xampp\htdocs\ourarts\wp-content\plugins\wordpress-seo\admin\links\class-link-watcher.php on line 47

2020-09-02T00:26:42+00:00 CRITICAL Uncaught TypeError: Argument 2 passed to WPSEO_Link_Watcher::save_post() must be an instance of WP_Post, null given, called in D:\xampp\htdocs\ourarts\wp-includes\class-wp-hook.php on line 290 and defined in D:\xampp\htdocs\ourarts\wp-content\plugins\wordpress-seo\admin\links\class-link-watcher.php:47
Stack trace:
#0 D:\xampp\htdocs\ourarts\wp-includes\class-wp-hook.php(290): WPSEO_Link_Watcher->save_post(30961, NULL)
#1 D:\xampp\htdocs\ourarts\wp-includes\class-wp-hook.php(312): WP_Hook->apply_filters(NULL, Array)
#2 D:\xampp\htdocs\ourarts\wp-includes\plugin.php(478): WP_Hook->do_action(Array)
#3 D:\xampp\htdocs\ourarts\wp-includes\post.php(4120): do_action('save_post', 30961, NULL, true)
#4 D:\xampp\htdocs\ourarts\wp-includes\post.php(4197): wp_insert_post(Array, false)
#5 D:\xampp\htdocs\ourarts\wp-content\plugins\woocommerce-smart-coupons\includes\libraries\action-scheduler\classes\data-stores\ActionScheduler_wpPostStore.php(797): wp_update_post(Array)
#6 D:\xampp\htdocs\ourarts\wp-content\plugins\woocom في D:\xampp\htdocs\ourarts\wp-content\plugins\wordpress-seo\admin\links\class-link-watcher.php في السطر 47

2020-09-02T00:26:43+00:00 CRITICAL Uncaught TypeError: Argument 2 passed to WPSEO_Link_Watcher::save_post() must be an instance of WP_Post, null given, called in D:\xampp\htdocs\ourarts\wp-includes\class-wp-hook.php on line 290 and defined in D:\xampp\htdocs\ourarts\wp-content\plugins\wordpress-seo\admin\links\class-link-watcher.php:47
Stack trace:
#0 D:\xampp\htdocs\ourarts\wp-includes\class-wp-hook.php(290): WPSEO_Link_Watcher->save_post(30962, NULL)
#1 D:\xampp\htdocs\ourarts\wp-includes\class-wp-hook.php(312): WP_Hook->apply_filters(NULL, Array)
#2 D:\xampp\htdocs\ourarts\wp-includes\plugin.php(478): WP_Hook->do_action(Array)
#3 D:\xampp\htdocs\ourarts\wp-includes\post.php(4120): do_action('save_post', 30962, NULL, true)
#4 D:\xampp\htdocs\ourarts\wp-includes\post.php(4197): wp_insert_post(Array, false)
#5 D:\xampp\htdocs\ourarts\wp-content\plugins\woocommerce-smart-coupons\includes\libraries\action-scheduler\classes\data-stores\ActionScheduler_wpPostStore.php(797): wp_update_post(Array)
#6 D:\xampp\htdocs\ourarts\wp-content\plugins\woocom في D:\xampp\htdocs\ourarts\wp-content\plugins\wordpress-seo\admin\links\class-link-watcher.php في السطر 47

2020-09-02T00:26:48+00:00 CRITICAL Uncaught TypeError: Argument 2 passed to WPSEO_Link_Watcher::save_post() must be an instance of WP_Post, null given, called in D:\xampp\htdocs\ourarts\wp-includes\class-wp-hook.php on line 290 and defined in D:\xampp\htdocs\ourarts\wp-content\plugins\wordpress-seo\admin\links\class-link-watcher.php:47
Stack trace:
#0 D:\xampp\htdocs\ourarts\wp-includes\class-wp-hook.php(290): WPSEO_Link_Watcher->save_post(30966, NULL)
#1 D:\xampp\htdocs\ourarts\wp-includes\class-wp-hook.php(312): WP_Hook->apply_filters(NULL, Array)
#2 D:\xampp\htdocs\ourarts\wp-includes\plugin.php(478): WP_Hook->do_action(Array)
#3 D:\xampp\htdocs\ourarts\wp-includes\post.php(4120): do_action('save_post', 30966, NULL, true)
#4 D:\xampp\htdocs\ourarts\wp-includes\post.php(4197): wp_insert_post(Array, false)
#5 D:\xampp\htdocs\ourarts\wp-content\plugins\woocommerce-smart-coupons\includes\libraries\action-scheduler\classes\data-stores\ActionScheduler_wpPostStore.php(797): wp_update_post(Array)
#6 D:\xampp\htdocs\ourarts\wp-content\plugins\woocom in D:\xampp\htdocs\ourarts\wp-content\plugins\wordpress-seo\admin\links\class-link-watcher.php on line 47

2020-09-02T00:27:19+00:00 CRITICAL Maximum execution time of 30 seconds exceeded in D:\xampp\htdocs\ourarts\wp-content\plugins\dokan-pro\includes\modules\moip\includes\libs\vendor\rmccue\requests\library\Requests\Transport\cURL.php on line 163

2020-09-02T00:27:52+00:00 CRITICAL Maximum execution time of 30 seconds exceeded in D:\xampp\htdocs\ourarts\wp-includes\wp-db.php on line 2030

2020-09-02T00:27:58+00:00 CRITICAL Uncaught TypeError: Argument 2 passed to WPSEO_Link_Watcher::save_post() must be an instance of WP_Post, null given, called in D:\xampp\htdocs\ourarts\wp-includes\class-wp-hook.php on line 290 and defined in D:\xampp\htdocs\ourarts\wp-content\plugins\wordpress-seo\admin\links\class-link-watcher.php:47
Stack trace:
#0 D:\xampp\htdocs\ourarts\wp-includes\class-wp-hook.php(290): WPSEO_Link_Watcher->save_post(31009, NULL)
#1 D:\xampp\htdocs\ourarts\wp-includes\class-wp-hook.php(312): WP_Hook->apply_filters(NULL, Array)
#2 D:\xampp\htdocs\ourarts\wp-includes\plugin.php(478): WP_Hook->do_action(Array)
#3 D:\xampp\htdocs\ourarts\wp-includes\post.php(4120): do_action('save_post', 31009, NULL, true)
#4 D:\xampp\htdocs\ourarts\wp-includes\post.php(4197): wp_insert_post(Array, false)
#5 D:\xampp\htdocs\ourarts\wp-content\plugins\woocommerce-smart-coupons\includes\libraries\action-scheduler\classes\data-stores\ActionScheduler_wpPostStore.php(797): wp_update_post(Array)
#6 D:\xampp\htdocs\ourarts\wp-content\plugins\woocom in D:\xampp\htdocs\ourarts\wp-content\plugins\wordpress-seo\admin\links\class-link-watcher.php on line 47

2020-09-02T00:29:25+00:00 CRITICAL Uncaught TypeError: Argument 2 passed to WPSEO_Link_Watcher::save_post() must be an instance of WP_Post, null given, called in D:\xampp\htdocs\ourarts\wp-includes\class-wp-hook.php on line 290 and defined in D:\xampp\htdocs\ourarts\wp-content\plugins\wordpress-seo\admin\links\class-link-watcher.php:47
Stack trace:
#0 D:\xampp\htdocs\ourarts\wp-includes\class-wp-hook.php(290): WPSEO_Link_Watcher->save_post(31037, NULL)
#1 D:\xampp\htdocs\ourarts\wp-includes\class-wp-hook.php(312): WP_Hook->apply_filters(NULL, Array)
#2 D:\xampp\htdocs\ourarts\wp-includes\plugin.php(478): WP_Hook->do_action(Array)
#3 D:\xampp\htdocs\ourarts\wp-includes\post.php(4120): do_action('save_post', 31037, NULL, true)
#4 D:\xampp\htdocs\ourarts\wp-includes\post.php(4197): wp_insert_post(Array, false)
#5 D:\xampp\htdocs\ourarts\wp-content\plugins\woocommerce-smart-coupons\includes\libraries\action-scheduler\classes\data-stores\ActionScheduler_wpPostStore.php(797): wp_update_post(Array)
#6 D:\xampp\htdocs\ourarts\wp-content\plugins\woocom in D:\xampp\htdocs\ourarts\wp-content\plugins\wordpress-seo\admin\links\class-link-watcher.php on line 47

2020-09-02T00:29:33+00:00 CRITICAL Uncaught TypeError: Argument 2 passed to WPSEO_Link_Watcher::save_post() must be an instance of WP_Post, null given, called in D:\xampp\htdocs\ourarts\wp-includes\class-wp-hook.php on line 290 and defined in D:\xampp\htdocs\ourarts\wp-content\plugins\wordpress-seo\admin\links\class-link-watcher.php:47
Stack trace:
#0 D:\xampp\htdocs\ourarts\wp-includes\class-wp-hook.php(290): WPSEO_Link_Watcher->save_post(31048, NULL)
#1 D:\xampp\htdocs\ourarts\wp-includes\class-wp-hook.php(312): WP_Hook->apply_filters(NULL, Array)
#2 D:\xampp\htdocs\ourarts\wp-includes\plugin.php(478): WP_Hook->do_action(Array)
#3 D:\xampp\htdocs\ourarts\wp-includes\post.php(4120): do_action('save_post', 31048, NULL, true)
#4 D:\xampp\htdocs\ourarts\wp-includes\post.php(4197): wp_insert_post(Array, false)
#5 D:\xampp\htdocs\ourarts\wp-content\plugins\woocommerce-smart-coupons\includes\libraries\action-scheduler\classes\data-stores\ActionScheduler_wpPostStore.php(797): wp_update_post(Array)
#6 D:\xampp\htdocs\ourarts\wp-content\plugins\woocom in D:\xampp\htdocs\ourarts\wp-content\plugins\wordpress-seo\admin\links\class-link-watcher.php on line 47

2020-09-02T00:31:27+00:00 CRITICAL Uncaught TypeError: Argument 2 passed to WPSEO_Link_Watcher::save_post() must be an instance of WP_Post, null given, called in D:\xampp\htdocs\ourarts\wp-includes\class-wp-hook.php on line 290 and defined in D:\xampp\htdocs\ourarts\wp-content\plugins\wordpress-seo\admin\links\class-link-watcher.php:47
Stack trace:
#0 D:\xampp\htdocs\ourarts\wp-includes\class-wp-hook.php(290): WPSEO_Link_Watcher->save_post(31078, NULL)
#1 D:\xampp\htdocs\ourarts\wp-includes\class-wp-hook.php(312): WP_Hook->apply_filters(NULL, Array)
#2 D:\xampp\htdocs\ourarts\wp-includes\plugin.php(478): WP_Hook->do_action(Array)
#3 D:\xampp\htdocs\ourarts\wp-includes\post.php(4120): do_action('save_post', 31078, NULL, true)
#4 D:\xampp\htdocs\ourarts\wp-includes\post.php(4197): wp_insert_post(Array, false)
#5 D:\xampp\htdocs\ourarts\wp-content\plugins\woocommerce-smart-coupons\includes\libraries\action-scheduler\classes\data-stores\ActionScheduler_wpPostStore.php(797): wp_update_post(Array)
#6 D:\xampp\htdocs\ourarts\wp-content\plugins\woocom في D:\xampp\htdocs\ourarts\wp-content\plugins\wordpress-seo\admin\links\class-link-watcher.php في السطر 47

2020-09-02T00:31:27+00:00 CRITICAL Uncaught TypeError: Argument 2 passed to WPSEO_Link_Watcher::save_post() must be an instance of WP_Post, null given, called in D:\xampp\htdocs\ourarts\wp-includes\class-wp-hook.php on line 290 and defined in D:\xampp\htdocs\ourarts\wp-content\plugins\wordpress-seo\admin\links\class-link-watcher.php:47
Stack trace:
#0 D:\xampp\htdocs\ourarts\wp-includes\class-wp-hook.php(290): WPSEO_Link_Watcher->save_post(31078, NULL)
#1 D:\xampp\htdocs\ourarts\wp-includes\class-wp-hook.php(312): WP_Hook->apply_filters(NULL, Array)
#2 D:\xampp\htdocs\ourarts\wp-includes\plugin.php(478): WP_Hook->do_action(Array)
#3 D:\xampp\htdocs\ourarts\wp-includes\post.php(4120): do_action('save_post', 31078, NULL, true)
#4 D:\xampp\htdocs\ourarts\wp-includes\post.php(4197): wp_insert_post(Array, false)
#5 D:\xampp\htdocs\ourarts\wp-content\plugins\woocommerce-smart-coupons\includes\libraries\action-scheduler\classes\data-stores\ActionScheduler_wpPostStore.php(797): wp_update_post(Array)
#6 D:\xampp\htdocs\ourarts\wp-content\plugins\woocom في D:\xampp\htdocs\ourarts\wp-content\plugins\wordpress-seo\admin\links\class-link-watcher.php في السطر 47

2020-09-02T00:32:22+00:00 CRITICAL Uncaught TypeError: Argument 2 passed to WPSEO_Link_Watcher::save_post() must be an instance of WP_Post, null given, called in D:\xampp\htdocs\ourarts\wp-includes\class-wp-hook.php on line 290 and defined in D:\xampp\htdocs\ourarts\wp-content\plugins\wordpress-seo\admin\links\class-link-watcher.php:47
Stack trace:
#0 D:\xampp\htdocs\ourarts\wp-includes\class-wp-hook.php(290): WPSEO_Link_Watcher->save_post(31115, NULL)
#1 D:\xampp\htdocs\ourarts\wp-includes\class-wp-hook.php(312): WP_Hook->apply_filters(NULL, Array)
#2 D:\xampp\htdocs\ourarts\wp-includes\plugin.php(478): WP_Hook->do_action(Array)
#3 D:\xampp\htdocs\ourarts\wp-includes\post.php(4120): do_action('save_post', 31115, NULL, true)
#4 D:\xampp\htdocs\ourarts\wp-includes\post.php(4197): wp_insert_post(Array, false)
#5 D:\xampp\htdocs\ourarts\wp-content\plugins\woocommerce-smart-coupons\includes\libraries\action-scheduler\classes\data-stores\ActionScheduler_wpPostStore.php(797): wp_update_post(Array)
#6 D:\xampp\htdocs\ourarts\wp-content\plugins\woocom في D:\xampp\htdocs\ourarts\wp-content\plugins\wordpress-seo\admin\links\class-link-watcher.php في السطر 47

2020-09-02T00:33:27+00:00 CRITICAL Uncaught TypeError: Argument 2 passed to WPSEO_Link_Watcher::save_post() must be an instance of WP_Post, null given, called in D:\xampp\htdocs\ourarts\wp-includes\class-wp-hook.php on line 290 and defined in D:\xampp\htdocs\ourarts\wp-content\plugins\wordpress-seo\admin\links\class-link-watcher.php:47
Stack trace:
#0 D:\xampp\htdocs\ourarts\wp-includes\class-wp-hook.php(290): WPSEO_Link_Watcher->save_post(31141, NULL)
#1 D:\xampp\htdocs\ourarts\wp-includes\class-wp-hook.php(312): WP_Hook->apply_filters(NULL, Array)
#2 D:\xampp\htdocs\ourarts\wp-includes\plugin.php(478): WP_Hook->do_action(Array)
#3 D:\xampp\htdocs\ourarts\wp-includes\post.php(4120): do_action('save_post', 31141, NULL, true)
#4 D:\xampp\htdocs\ourarts\wp-includes\post.php(4197): wp_insert_post(Array, false)
#5 D:\xampp\htdocs\ourarts\wp-content\plugins\woocommerce-smart-coupons\includes\libraries\action-scheduler\classes\data-stores\ActionScheduler_wpPostStore.php(797): wp_update_post(Array)
#6 D:\xampp\htdocs\ourarts\wp-content\plugins\woocom في D:\xampp\htdocs\ourarts\wp-content\plugins\wordpress-seo\admin\links\class-link-watcher.php في السطر 47

2020-09-02T00:33:29+00:00 CRITICAL Uncaught TypeError: Argument 2 passed to WPSEO_Link_Watcher::save_post() must be an instance of WP_Post, null given, called in D:\xampp\htdocs\ourarts\wp-includes\class-wp-hook.php on line 290 and defined in D:\xampp\htdocs\ourarts\wp-content\plugins\wordpress-seo\admin\links\class-link-watcher.php:47
Stack trace:
#0 D:\xampp\htdocs\ourarts\wp-includes\class-wp-hook.php(290): WPSEO_Link_Watcher->save_post(31143, NULL)
#1 D:\xampp\htdocs\ourarts\wp-includes\class-wp-hook.php(312): WP_Hook->apply_filters(NULL, Array)
#2 D:\xampp\htdocs\ourarts\wp-includes\plugin.php(478): WP_Hook->do_action(Array)
#3 D:\xampp\htdocs\ourarts\wp-includes\post.php(4120): do_action('save_post', 31143, NULL, true)
#4 D:\xampp\htdocs\ourarts\wp-includes\post.php(4197): wp_insert_post(Array, false)
#5 D:\xampp\htdocs\ourarts\wp-content\plugins\woocommerce-smart-coupons\includes\libraries\action-scheduler\classes\data-stores\ActionScheduler_wpPostStore.php(797): wp_update_post(Array)
#6 D:\xampp\htdocs\ourarts\wp-content\plugins\woocom في D:\xampp\htdocs\ourarts\wp-content\plugins\wordpress-seo\admin\links\class-link-watcher.php في السطر 47

2020-09-02T00:35:45+00:00 CRITICAL Uncaught TypeError: Argument 2 passed to WPSEO_Link_Watcher::save_post() must be an instance of WP_Post, null given, called in D:\xampp\htdocs\ourarts\wp-includes\class-wp-hook.php on line 290 and defined in D:\xampp\htdocs\ourarts\wp-content\plugins\wordpress-seo\admin\links\class-link-watcher.php:47
Stack trace:
#0 D:\xampp\htdocs\ourarts\wp-includes\class-wp-hook.php(290): WPSEO_Link_Watcher->save_post(31211, NULL)
#1 D:\xampp\htdocs\ourarts\wp-includes\class-wp-hook.php(312): WP_Hook->apply_filters(NULL, Array)
#2 D:\xampp\htdocs\ourarts\wp-includes\plugin.php(478): WP_Hook->do_action(Array)
#3 D:\xampp\htdocs\ourarts\wp-includes\post.php(4120): do_action('save_post', 31211, NULL, true)
#4 D:\xampp\htdocs\ourarts\wp-includes\post.php(4197): wp_insert_post(Array, false)
#5 D:\xampp\htdocs\ourarts\wp-content\plugins\woocommerce-smart-coupons\includes\libraries\action-scheduler\classes\data-stores\ActionScheduler_wpPostStore.php(797): wp_update_post(Array)
#6 D:\xampp\htdocs\ourarts\wp-content\plugins\woocom في D:\xampp\htdocs\ourarts\wp-content\plugins\wordpress-seo\admin\links\class-link-watcher.php في السطر 47

2020-09-02T00:35:56+00:00 CRITICAL Maximum execution time of 30 seconds exceeded in D:\xampp\htdocs\ourarts\wp-includes\wp-db.php on line 2030

2020-09-02T00:36:48+00:00 CRITICAL Uncaught TypeError: Argument 2 passed to WPSEO_Link_Watcher::save_post() must be an instance of WP_Post, null given, called in D:\xampp\htdocs\ourarts\wp-includes\class-wp-hook.php on line 290 and defined in D:\xampp\htdocs\ourarts\wp-content\plugins\wordpress-seo\admin\links\class-link-watcher.php:47
Stack trace:
#0 D:\xampp\htdocs\ourarts\wp-includes\class-wp-hook.php(290): WPSEO_Link_Watcher->save_post(31220, NULL)
#1 D:\xampp\htdocs\ourarts\wp-includes\class-wp-hook.php(312): WP_Hook->apply_filters(NULL, Array)
#2 D:\xampp\htdocs\ourarts\wp-includes\plugin.php(478): WP_Hook->do_action(Array)
#3 D:\xampp\htdocs\ourarts\wp-includes\post.php(4120): do_action('save_post', 31220, NULL, true)
#4 D:\xampp\htdocs\ourarts\wp-includes\post.php(4197): wp_insert_post(Array, false)
#5 D:\xampp\htdocs\ourarts\wp-content\plugins\woocommerce-smart-coupons\includes\libraries\action-scheduler\classes\data-stores\ActionScheduler_wpPostStore.php(797): wp_update_post(Array)
#6 D:\xampp\htdocs\ourarts\wp-content\plugins\woocom في D:\xampp\htdocs\ourarts\wp-content\plugins\wordpress-seo\admin\links\class-link-watcher.php في السطر 47

2020-09-02T00:36:50+00:00 CRITICAL Uncaught TypeError: Argument 2 passed to WPSEO_Link_Watcher::save_post() must be an instance of WP_Post, null given, called in D:\xampp\htdocs\ourarts\wp-includes\class-wp-hook.php on line 290 and defined in D:\xampp\htdocs\ourarts\wp-content\plugins\wordpress-seo\admin\links\class-link-watcher.php:47
Stack trace:
#0 D:\xampp\htdocs\ourarts\wp-includes\class-wp-hook.php(290): WPSEO_Link_Watcher->save_post(31224, NULL)
#1 D:\xampp\htdocs\ourarts\wp-includes\class-wp-hook.php(312): WP_Hook->apply_filters(NULL, Array)
#2 D:\xampp\htdocs\ourarts\wp-includes\plugin.php(478): WP_Hook->do_action(Array)
#3 D:\xampp\htdocs\ourarts\wp-includes\post.php(4120): do_action('save_post', 31224, NULL, true)
#4 D:\xampp\htdocs\ourarts\wp-includes\post.php(4197): wp_insert_post(Array, false)
#5 D:\xampp\htdocs\ourarts\wp-content\plugins\woocommerce-smart-coupons\includes\libraries\action-scheduler\classes\data-stores\ActionScheduler_wpPostStore.php(797): wp_update_post(Array)
#6 D:\xampp\htdocs\ourarts\wp-content\plugins\woocom في D:\xampp\htdocs\ourarts\wp-content\plugins\wordpress-seo\admin\links\class-link-watcher.php في السطر 47

2020-09-02T00:36:56+00:00 CRITICAL Uncaught TypeError: Argument 2 passed to WPSEO_Link_Watcher::save_post() must be an instance of WP_Post, null given, called in D:\xampp\htdocs\ourarts\wp-includes\class-wp-hook.php on line 290 and defined in D:\xampp\htdocs\ourarts\wp-content\plugins\wordpress-seo\admin\links\class-link-watcher.php:47
Stack trace:
#0 D:\xampp\htdocs\ourarts\wp-includes\class-wp-hook.php(290): WPSEO_Link_Watcher->save_post(31231, NULL)
#1 D:\xampp\htdocs\ourarts\wp-includes\class-wp-hook.php(312): WP_Hook->apply_filters(NULL, Array)
#2 D:\xampp\htdocs\ourarts\wp-includes\plugin.php(478): WP_Hook->do_action(Array)
#3 D:\xampp\htdocs\ourarts\wp-includes\post.php(4120): do_action('save_post', 31231, NULL, true)
#4 D:\xampp\htdocs\ourarts\wp-includes\post.php(4197): wp_insert_post(Array, false)
#5 D:\xampp\htdocs\ourarts\wp-content\plugins\woocommerce-smart-coupons\includes\libraries\action-scheduler\classes\data-stores\ActionScheduler_wpPostStore.php(797): wp_update_post(Array)
#6 D:\xampp\htdocs\ourarts\wp-content\plugins\woocom in D:\xampp\htdocs\ourarts\wp-content\plugins\wordpress-seo\admin\links\class-link-watcher.php on line 47

2020-09-02T00:37:05+00:00 CRITICAL Maximum execution time of 30 seconds exceeded في D:\xampp\htdocs\ourarts\wp-content\plugins\yith-woocommerce-order-tracking\class.yith-woocommerce-order-tracking.php في السطر 4

2020-09-02T00:37:05+00:00 CRITICAL Uncaught TypeError: Argument 2 passed to WPSEO_Link_Watcher::save_post() must be an instance of WP_Post, null given, called in D:\xampp\htdocs\ourarts\wp-includes\class-wp-hook.php on line 290 and defined in D:\xampp\htdocs\ourarts\wp-content\plugins\wordpress-seo\admin\links\class-link-watcher.php:47
Stack trace:
#0 D:\xampp\htdocs\ourarts\wp-includes\class-wp-hook.php(290): WPSEO_Link_Watcher->save_post(31237, NULL)
#1 D:\xampp\htdocs\ourarts\wp-includes\class-wp-hook.php(312): WP_Hook->apply_filters(NULL, Array)
#2 D:\xampp\htdocs\ourarts\wp-includes\plugin.php(478): WP_Hook->do_action(Array)
#3 D:\xampp\htdocs\ourarts\wp-includes\post.php(4120): do_action('save_post', 31237, NULL, true)
#4 D:\xampp\htdocs\ourarts\wp-includes\post.php(4197): wp_insert_post(Array, false)
#5 D:\xampp\htdocs\ourarts\wp-content\plugins\woocommerce-smart-coupons\includes\libraries\action-scheduler\classes\data-stores\ActionScheduler_wpPostStore.php(797): wp_update_post(Array)
#6 D:\xampp\htdocs\ourarts\wp-content\plugins\woocom in D:\xampp\htdocs\ourarts\wp-content\plugins\wordpress-seo\admin\links\class-link-watcher.php on line 47

2020-09-02T00:37:07+00:00 CRITICAL Maximum execution time of 30 seconds exceeded in D:\xampp\htdocs\ourarts\wp-includes\wp-db.php on line 2030

2020-09-02T00:38:12+00:00 CRITICAL Uncaught TypeError: Argument 2 passed to WPSEO_Link_Watcher::save_post() must be an instance of WP_Post, null given, called in D:\xampp\htdocs\ourarts\wp-includes\class-wp-hook.php on line 290 and defined in D:\xampp\htdocs\ourarts\wp-content\plugins\wordpress-seo\admin\links\class-link-watcher.php:47
Stack trace:
#0 D:\xampp\htdocs\ourarts\wp-includes\class-wp-hook.php(290): WPSEO_Link_Watcher->save_post(31240, NULL)
#1 D:\xampp\htdocs\ourarts\wp-includes\class-wp-hook.php(312): WP_Hook->apply_filters(NULL, Array)
#2 D:\xampp\htdocs\ourarts\wp-includes\plugin.php(478): WP_Hook->do_action(Array)
#3 D:\xampp\htdocs\ourarts\wp-includes\post.php(4120): do_action('save_post', 31240, NULL, true)
#4 D:\xampp\htdocs\ourarts\wp-includes\post.php(4197): wp_insert_post(Array, false)
#5 D:\xampp\htdocs\ourarts\wp-content\plugins\woocommerce-smart-coupons\includes\libraries\action-scheduler\classes\data-stores\ActionScheduler_wpPostStore.php(797): wp_update_post(Array)
#6 D:\xampp\htdocs\ourarts\wp-content\plugins\woocom في D:\xampp\htdocs\ourarts\wp-content\plugins\wordpress-seo\admin\links\class-link-watcher.php في السطر 47

2020-09-02T00:39:12+00:00 CRITICAL Maximum execution time of 30 seconds exceeded in D:\xampp\htdocs\ourarts\wp-content\plugins\woocommerce-smart-coupons\includes\libraries\action-scheduler\classes\ActionScheduler_AsyncRequest_QueueRunner.php on line 61

2020-09-02T00:39:17+00:00 CRITICAL Uncaught TypeError: Argument 2 passed to WPSEO_Link_Watcher::save_post() must be an instance of WP_Post, null given, called in D:\xampp\htdocs\ourarts\wp-includes\class-wp-hook.php on line 290 and defined in D:\xampp\htdocs\ourarts\wp-content\plugins\wordpress-seo\admin\links\class-link-watcher.php:47
Stack trace:
#0 D:\xampp\htdocs\ourarts\wp-includes\class-wp-hook.php(290): WPSEO_Link_Watcher->save_post(31279, NULL)
#1 D:\xampp\htdocs\ourarts\wp-includes\class-wp-hook.php(312): WP_Hook->apply_filters(NULL, Array)
#2 D:\xampp\htdocs\ourarts\wp-includes\plugin.php(478): WP_Hook->do_action(Array)
#3 D:\xampp\htdocs\ourarts\wp-includes\post.php(4120): do_action('save_post', 31279, NULL, true)
#4 D:\xampp\htdocs\ourarts\wp-includes\post.php(4197): wp_insert_post(Array, false)
#5 D:\xampp\htdocs\ourarts\wp-content\plugins\woocommerce-smart-coupons\includes\libraries\action-scheduler\classes\data-stores\ActionScheduler_wpPostStore.php(797): wp_update_post(Array)
#6 D:\xampp\htdocs\ourarts\wp-content\plugins\woocom in D:\xampp\htdocs\ourarts\wp-content\plugins\wordpress-seo\admin\links\class-link-watcher.php on line 47

2020-09-02T00:39:46+00:00 CRITICAL Maximum execution time of 30 seconds exceeded في D:\xampp\htdocs\ourarts\wp-includes\wp-db.php في السطر 2030

2020-09-02T00:40:15+00:00 CRITICAL Uncaught TypeError: Argument 2 passed to WPSEO_Link_Watcher::save_post() must be an instance of WP_Post, null given, called in D:\xampp\htdocs\ourarts\wp-includes\class-wp-hook.php on line 290 and defined in D:\xampp\htdocs\ourarts\wp-content\plugins\wordpress-seo\admin\links\class-link-watcher.php:47
Stack trace:
#0 D:\xampp\htdocs\ourarts\wp-includes\class-wp-hook.php(290): WPSEO_Link_Watcher->save_post(31302, NULL)
#1 D:\xampp\htdocs\ourarts\wp-includes\class-wp-hook.php(312): WP_Hook->apply_filters(NULL, Array)
#2 D:\xampp\htdocs\ourarts\wp-includes\plugin.php(478): WP_Hook->do_action(Array)
#3 D:\xampp\htdocs\ourarts\wp-includes\post.php(4120): do_action('save_post', 31302, NULL, true)
#4 D:\xampp\htdocs\ourarts\wp-includes\post.php(4197): wp_insert_post(Array, false)
#5 D:\xampp\htdocs\ourarts\wp-content\plugins\woocommerce-smart-coupons\includes\libraries\action-scheduler\classes\data-stores\ActionScheduler_wpPostStore.php(797): wp_update_post(Array)
#6 D:\xampp\htdocs\ourarts\wp-content\plugins\woocom in D:\xampp\htdocs\ourarts\wp-content\plugins\wordpress-seo\admin\links\class-link-watcher.php on line 47

2020-09-02T00:42:09+00:00 CRITICAL Maximum execution time of 30 seconds exceeded in D:\xampp\htdocs\ourarts\wp-includes\wp-db.php on line 2030

2020-09-02T00:42:49+00:00 CRITICAL Uncaught TypeError: Argument 2 passed to WPSEO_Link_Watcher::save_post() must be an instance of WP_Post, null given, called in D:\xampp\htdocs\ourarts\wp-includes\class-wp-hook.php on line 290 and defined in D:\xampp\htdocs\ourarts\wp-content\plugins\wordpress-seo\admin\links\class-link-watcher.php:47
Stack trace:
#0 D:\xampp\htdocs\ourarts\wp-includes\class-wp-hook.php(290): WPSEO_Link_Watcher->save_post(31363, NULL)
#1 D:\xampp\htdocs\ourarts\wp-includes\class-wp-hook.php(312): WP_Hook->apply_filters(NULL, Array)
#2 D:\xampp\htdocs\ourarts\wp-includes\plugin.php(478): WP_Hook->do_action(Array)
#3 D:\xampp\htdocs\ourarts\wp-includes\post.php(4120): do_action('save_post', 31363, NULL, true)
#4 D:\xampp\htdocs\ourarts\wp-includes\post.php(4197): wp_insert_post(Array, false)
#5 D:\xampp\htdocs\ourarts\wp-content\plugins\woocommerce-smart-coupons\includes\libraries\action-scheduler\classes\data-stores\ActionScheduler_wpPostStore.php(797): wp_update_post(Array)
#6 D:\xampp\htdocs\ourarts\wp-content\plugins\woocom in D:\xampp\htdocs\ourarts\wp-content\plugins\wordpress-seo\admin\links\class-link-watcher.php on line 47

2020-09-02T00:42:53+00:00 CRITICAL Uncaught TypeError: Argument 2 passed to WPSEO_Link_Watcher::save_post() must be an instance of WP_Post, null given, called in D:\xampp\htdocs\ourarts\wp-includes\class-wp-hook.php on line 290 and defined in D:\xampp\htdocs\ourarts\wp-content\plugins\wordpress-seo\admin\links\class-link-watcher.php:47
Stack trace:
#0 D:\xampp\htdocs\ourarts\wp-includes\class-wp-hook.php(290): WPSEO_Link_Watcher->save_post(31370, NULL)
#1 D:\xampp\htdocs\ourarts\wp-includes\class-wp-hook.php(312): WP_Hook->apply_filters(NULL, Array)
#2 D:\xampp\htdocs\ourarts\wp-includes\plugin.php(478): WP_Hook->do_action(Array)
#3 D:\xampp\htdocs\ourarts\wp-includes\post.php(4120): do_action('save_post', 31370, NULL, true)
#4 D:\xampp\htdocs\ourarts\wp-includes\post.php(4197): wp_insert_post(Array, false)
#5 D:\xampp\htdocs\ourarts\wp-content\plugins\woocommerce-smart-coupons\includes\libraries\action-scheduler\classes\data-stores\ActionScheduler_wpPostStore.php(797): wp_update_post(Array)
#6 D:\xampp\htdocs\ourarts\wp-content\plugins\woocom في D:\xampp\htdocs\ourarts\wp-content\plugins\wordpress-seo\admin\links\class-link-watcher.php في السطر 47

2020-09-02T00:43:43+00:00 CRITICAL Uncaught TypeError: Argument 2 passed to WPSEO_Link_Watcher::save_post() must be an instance of WP_Post, null given, called in D:\xampp\htdocs\ourarts\wp-includes\class-wp-hook.php on line 290 and defined in D:\xampp\htdocs\ourarts\wp-content\plugins\wordpress-seo\admin\links\class-link-watcher.php:47
Stack trace:
#0 D:\xampp\htdocs\ourarts\wp-includes\class-wp-hook.php(290): WPSEO_Link_Watcher->save_post(31406, NULL)
#1 D:\xampp\htdocs\ourarts\wp-includes\class-wp-hook.php(312): WP_Hook->apply_filters(NULL, Array)
#2 D:\xampp\htdocs\ourarts\wp-includes\plugin.php(478): WP_Hook->do_action(Array)
#3 D:\xampp\htdocs\ourarts\wp-includes\post.php(4120): do_action('save_post', 31406, NULL, true)
#4 D:\xampp\htdocs\ourarts\wp-includes\post.php(4197): wp_insert_post(Array, false)
#5 D:\xampp\htdocs\ourarts\wp-content\plugins\woocommerce-smart-coupons\includes\libraries\action-scheduler\classes\data-stores\ActionScheduler_wpPostStore.php(797): wp_update_post(Array)
#6 D:\xampp\htdocs\ourarts\wp-content\plugins\woocom في D:\xampp\htdocs\ourarts\wp-content\plugins\wordpress-seo\admin\links\class-link-watcher.php في السطر 47

2020-09-02T00:44:08+00:00 CRITICAL Uncaught TypeError: Argument 2 passed to WPSEO_Link_Watcher::save_post() must be an instance of WP_Post, null given, called in D:\xampp\htdocs\ourarts\wp-includes\class-wp-hook.php on line 290 and defined in D:\xampp\htdocs\ourarts\wp-content\plugins\wordpress-seo\admin\links\class-link-watcher.php:47
Stack trace:
#0 D:\xampp\htdocs\ourarts\wp-includes\class-wp-hook.php(290): WPSEO_Link_Watcher->save_post(31425, NULL)
#1 D:\xampp\htdocs\ourarts\wp-includes\class-wp-hook.php(312): WP_Hook->apply_filters(NULL, Array)
#2 D:\xampp\htdocs\ourarts\wp-includes\plugin.php(478): WP_Hook->do_action(Array)
#3 D:\xampp\htdocs\ourarts\wp-includes\post.php(4120): do_action('save_post', 31425, NULL, true)
#4 D:\xampp\htdocs\ourarts\wp-includes\post.php(4197): wp_insert_post(Array, false)
#5 D:\xampp\htdocs\ourarts\wp-content\plugins\woocommerce-smart-coupons\includes\libraries\action-scheduler\classes\data-stores\ActionScheduler_wpPostStore.php(797): wp_update_post(Array)
#6 D:\xampp\htdocs\ourarts\wp-content\plugins\woocom in D:\xampp\htdocs\ourarts\wp-content\plugins\wordpress-seo\admin\links\class-link-watcher.php on line 47

2020-09-02T00:44:12+00:00 CRITICAL Maximum execution time of 30 seconds exceeded in D:\xampp\htdocs\ourarts\wp-includes\wp-db.php on line 2030

2020-09-02T00:44:43+00:00 CRITICAL Maximum execution time of 30 seconds exceeded in D:\xampp\htdocs\ourarts\wp-content\plugins\dokan-pro\includes\modules\moip\includes\libs\vendor\rmccue\requests\library\Requests\Transport\cURL.php on line 163

2020-09-02T00:44:46+00:00 CRITICAL Uncaught TypeError: Argument 2 passed to WPSEO_Link_Watcher::save_post() must be an instance of WP_Post, null given, called in D:\xampp\htdocs\ourarts\wp-includes\class-wp-hook.php on line 290 and defined in D:\xampp\htdocs\ourarts\wp-content\plugins\wordpress-seo\admin\links\class-link-watcher.php:47
Stack trace:
#0 D:\xampp\htdocs\ourarts\wp-includes\class-wp-hook.php(290): WPSEO_Link_Watcher->save_post(31448, NULL)
#1 D:\xampp\htdocs\ourarts\wp-includes\class-wp-hook.php(312): WP_Hook->apply_filters(NULL, Array)
#2 D:\xampp\htdocs\ourarts\wp-includes\plugin.php(478): WP_Hook->do_action(Array)
#3 D:\xampp\htdocs\ourarts\wp-includes\post.php(4120): do_action('save_post', 31448, NULL, true)
#4 D:\xampp\htdocs\ourarts\wp-includes\post.php(4197): wp_insert_post(Array, false)
#5 D:\xampp\htdocs\ourarts\wp-content\plugins\woocommerce-smart-coupons\includes\libraries\action-scheduler\classes\data-stores\ActionScheduler_wpPostStore.php(797): wp_update_post(Array)
#6 D:\xampp\htdocs\ourarts\wp-content\plugins\woocom in D:\xampp\htdocs\ourarts\wp-content\plugins\wordpress-seo\admin\links\class-link-watcher.php on line 47

2020-09-02T00:45:45+00:00 CRITICAL Uncaught TypeError: Argument 2 passed to WPSEO_Link_Watcher::save_post() must be an instance of WP_Post, null given, called in D:\xampp\htdocs\ourarts\wp-includes\class-wp-hook.php on line 290 and defined in D:\xampp\htdocs\ourarts\wp-content\plugins\wordpress-seo\admin\links\class-link-watcher.php:47
Stack trace:
#0 D:\xampp\htdocs\ourarts\wp-includes\class-wp-hook.php(290): WPSEO_Link_Watcher->save_post(31471, NULL)
#1 D:\xampp\htdocs\ourarts\wp-includes\class-wp-hook.php(312): WP_Hook->apply_filters(NULL, Array)
#2 D:\xampp\htdocs\ourarts\wp-includes\plugin.php(478): WP_Hook->do_action(Array)
#3 D:\xampp\htdocs\ourarts\wp-includes\post.php(4120): do_action('save_post', 31471, NULL, true)
#4 D:\xampp\htdocs\ourarts\wp-includes\post.php(4197): wp_insert_post(Array, false)
#5 D:\xampp\htdocs\ourarts\wp-content\plugins\woocommerce-smart-coupons\includes\libraries\action-scheduler\classes\data-stores\ActionScheduler_wpPostStore.php(797): wp_update_post(Array)
#6 D:\xampp\htdocs\ourarts\wp-content\plugins\woocom in D:\xampp\htdocs\ourarts\wp-content\plugins\wordpress-seo\admin\links\class-link-watcher.php on line 47

2020-09-02T00:47:46+00:00 CRITICAL Uncaught TypeError: Argument 2 passed to WPSEO_Link_Watcher::save_post() must be an instance of WP_Post, null given, called in D:\xampp\htdocs\ourarts\wp-includes\class-wp-hook.php on line 290 and defined in D:\xampp\htdocs\ourarts\wp-content\plugins\wordpress-seo\admin\links\class-link-watcher.php:47
Stack trace:
#0 D:\xampp\htdocs\ourarts\wp-includes\class-wp-hook.php(290): WPSEO_Link_Watcher->save_post(31490, NULL)
#1 D:\xampp\htdocs\ourarts\wp-includes\class-wp-hook.php(312): WP_Hook->apply_filters(NULL, Array)
#2 D:\xampp\htdocs\ourarts\wp-includes\plugin.php(478): WP_Hook->do_action(Array)
#3 D:\xampp\htdocs\ourarts\wp-includes\post.php(4120): do_action('save_post', 31490, NULL, true)
#4 D:\xampp\htdocs\ourarts\wp-includes\post.php(4197): wp_insert_post(Array, false)
#5 D:\xampp\htdocs\ourarts\wp-content\plugins\woocommerce-smart-coupons\includes\libraries\action-scheduler\classes\data-stores\ActionScheduler_wpPostStore.php(797): wp_update_post(Array)
#6 D:\xampp\htdocs\ourarts\wp-content\plugins\woocom in D:\xampp\htdocs\ourarts\wp-content\plugins\wordpress-seo\admin\links\class-link-watcher.php on line 47

2020-09-02T00:48:13+00:00 CRITICAL Maximum execution time of 30 seconds exceeded في D:\xampp\htdocs\ourarts\wp-includes\wp-db.php في السطر 2030

2020-09-02T00:48:49+00:00 CRITICAL Uncaught TypeError: Argument 2 passed to WPSEO_Link_Watcher::save_post() must be an instance of WP_Post, null given, called in D:\xampp\htdocs\ourarts\wp-includes\class-wp-hook.php on line 290 and defined in D:\xampp\htdocs\ourarts\wp-content\plugins\wordpress-seo\admin\links\class-link-watcher.php:47
Stack trace:
#0 D:\xampp\htdocs\ourarts\wp-includes\class-wp-hook.php(290): WPSEO_Link_Watcher->save_post(31508, NULL)
#1 D:\xampp\htdocs\ourarts\wp-includes\class-wp-hook.php(312): WP_Hook->apply_filters(NULL, Array)
#2 D:\xampp\htdocs\ourarts\wp-includes\plugin.php(478): WP_Hook->do_action(Array)
#3 D:\xampp\htdocs\ourarts\wp-includes\post.php(4120): do_action('save_post', 31508, NULL, true)
#4 D:\xampp\htdocs\ourarts\wp-includes\post.php(4197): wp_insert_post(Array, false)
#5 D:\xampp\htdocs\ourarts\wp-content\plugins\woocommerce-smart-coupons\includes\libraries\action-scheduler\classes\data-stores\ActionScheduler_wpPostStore.php(797): wp_update_post(Array)
#6 D:\xampp\htdocs\ourarts\wp-content\plugins\woocom في D:\xampp\htdocs\ourarts\wp-content\plugins\wordpress-seo\admin\links\class-link-watcher.php في السطر 47

2020-09-02T00:49:16+00:00 CRITICAL Maximum execution time of 30 seconds exceeded in D:\xampp\htdocs\ourarts\wp-includes\wp-db.php on line 2030

2020-09-02T00:50:14+00:00 CRITICAL Maximum execution time of 30 seconds exceeded في D:\xampp\htdocs\ourarts\wp-includes\wp-db.php في السطر 2030

2020-09-02T00:57:45+00:00 CRITICAL Uncaught TypeError: Argument 2 passed to WPSEO_Link_Watcher::save_post() must be an instance of WP_Post, null given, called in D:\xampp\htdocs\ourarts\wp-includes\class-wp-hook.php on line 290 and defined in D:\xampp\htdocs\ourarts\wp-content\plugins\wordpress-seo\admin\links\class-link-watcher.php:47
Stack trace:
#0 D:\xampp\htdocs\ourarts\wp-includes\class-wp-hook.php(290): WPSEO_Link_Watcher->save_post(31610, NULL)
#1 D:\xampp\htdocs\ourarts\wp-includes\class-wp-hook.php(312): WP_Hook->apply_filters(NULL, Array)
#2 D:\xampp\htdocs\ourarts\wp-includes\plugin.php(478): WP_Hook->do_action(Array)
#3 D:\xampp\htdocs\ourarts\wp-includes\post.php(4120): do_action('save_post', 31610, NULL, true)
#4 D:\xampp\htdocs\ourarts\wp-includes\post.php(4197): wp_insert_post(Array, false)
#5 D:\xampp\htdocs\ourarts\wp-content\plugins\woocommerce-smart-coupons\includes\libraries\action-scheduler\classes\data-stores\ActionScheduler_wpPostStore.php(797): wp_update_post(Array)
#6 D:\xampp\htdocs\ourarts\wp-content\plugins\woocom in D:\xampp\htdocs\ourarts\wp-content\plugins\wordpress-seo\admin\links\class-link-watcher.php on line 47

