2020-04-03T19:18:34+00:00 CRITICAL Maximum execution time of 30 seconds exceeded في D:\xampp\htdocs\ourarts\wp-content\plugins\mailchimp-for-woocommerce\includes\class-mailchimp-woocommerce-rest-api.php في السطر 3

2020-04-03T19:18:50+00:00 CRITICAL Maximum execution time of 30 seconds exceeded في D:\xampp\htdocs\ourarts\wp-includes\Requests\Transport\cURL.php في السطر 163

2020-04-03T19:22:19+00:00 CRITICAL Maximum execution time of 30 seconds exceeded في D:\xampp\htdocs\ourarts\wp-includes\Requests\Transport\cURL.php في السطر 441

2020-04-03T19:22:28+00:00 CRITICAL Maximum execution time of 30 seconds exceeded في D:\xampp\htdocs\ourarts\wp-content\plugins\woocommerce\includes\emails\class-wc-email-cancelled-order.php في السطر 8

2020-04-03T19:22:28+00:00 CRITICAL Maximum execution time of 30 seconds exceeded في D:\xampp\htdocs\ourarts\wp-content\plugins\print-google-cloud-print-gcp-woocommerce\setting\setting\googleAccess.php في السطر 7

2020-04-03T19:58:36+00:00 CRITICAL Uncaught Error: Using $this when not in object context in D:\xampp\htdocs\ourarts\wp-content\plugins\mosaic_img\index.php:578
Stack trace:
#0 D:\xampp\htdocs\ourarts\wp-includes\class-wp-hook.php(288): so_34107959_ajax_add_ToCart('')
#1 D:\xampp\htdocs\ourarts\wp-includes\class-wp-hook.php(312): WP_Hook->apply_filters('', Array)
#2 D:\xampp\htdocs\ourarts\wp-includes\plugin.php(478): WP_Hook->do_action(Array)
#3 D:\xampp\htdocs\ourarts\wp-admin\admin-ajax.php(190): do_action('wp_ajax_nopriv_...')
#4 {main}
  thrown في D:\xampp\htdocs\ourarts\wp-content\plugins\mosaic_img\index.php في السطر 578

2020-04-03T20:01:53+00:00 CRITICAL Uncaught Error: Using $this when not in object context in D:\xampp\htdocs\ourarts\wp-content\plugins\mosaic_img\index.php:578
Stack trace:
#0 D:\xampp\htdocs\ourarts\wp-includes\class-wp-hook.php(288): so_34107959_ajax_add_ToCart('')
#1 D:\xampp\htdocs\ourarts\wp-includes\class-wp-hook.php(312): WP_Hook->apply_filters('', Array)
#2 D:\xampp\htdocs\ourarts\wp-includes\plugin.php(478): WP_Hook->do_action(Array)
#3 D:\xampp\htdocs\ourarts\wp-admin\admin-ajax.php(190): do_action('wp_ajax_nopriv_...')
#4 {main}
  thrown في D:\xampp\htdocs\ourarts\wp-content\plugins\mosaic_img\index.php في السطر 578

2020-04-03T20:08:18+00:00 CRITICAL Uncaught Error: Using $this when not in object context in D:\xampp\htdocs\ourarts\wp-content\plugins\mosaic_img\index.php:578
Stack trace:
#0 D:\xampp\htdocs\ourarts\wp-includes\class-wp-hook.php(288): so_34107959_ajax_add_ToCart('')
#1 D:\xampp\htdocs\ourarts\wp-includes\class-wp-hook.php(312): WP_Hook->apply_filters('', Array)
#2 D:\xampp\htdocs\ourarts\wp-includes\plugin.php(478): WP_Hook->do_action(Array)
#3 D:\xampp\htdocs\ourarts\wp-admin\admin-ajax.php(190): do_action('wp_ajax_nopriv_...')
#4 {main}
  thrown في D:\xampp\htdocs\ourarts\wp-content\plugins\mosaic_img\index.php في السطر 578

2020-04-03T20:09:23+00:00 CRITICAL Uncaught Error: Using $this when not in object context in D:\xampp\htdocs\ourarts\wp-content\plugins\mosaic_img\index.php:578
Stack trace:
#0 D:\xampp\htdocs\ourarts\wp-includes\class-wp-hook.php(288): so_34107959_ajax_add_ToCart('')
#1 D:\xampp\htdocs\ourarts\wp-includes\class-wp-hook.php(312): WP_Hook->apply_filters('', Array)
#2 D:\xampp\htdocs\ourarts\wp-includes\plugin.php(478): WP_Hook->do_action(Array)
#3 D:\xampp\htdocs\ourarts\wp-admin\admin-ajax.php(190): do_action('wp_ajax_nopriv_...')
#4 {main}
  thrown في D:\xampp\htdocs\ourarts\wp-content\plugins\mosaic_img\index.php في السطر 578

2020-04-03T20:12:52+00:00 CRITICAL Uncaught Error: Using $this when not in object context in D:\xampp\htdocs\ourarts\wp-content\plugins\mosaic_img\index.php:578
Stack trace:
#0 D:\xampp\htdocs\ourarts\wp-includes\class-wp-hook.php(288): so_34107959_ajax_add_ToCart('')
#1 D:\xampp\htdocs\ourarts\wp-includes\class-wp-hook.php(312): WP_Hook->apply_filters('', Array)
#2 D:\xampp\htdocs\ourarts\wp-includes\plugin.php(478): WP_Hook->do_action(Array)
#3 D:\xampp\htdocs\ourarts\wp-admin\admin-ajax.php(190): do_action('wp_ajax_nopriv_...')
#4 {main}
  thrown في D:\xampp\htdocs\ourarts\wp-content\plugins\mosaic_img\index.php في السطر 578

2020-04-03T20:14:24+00:00 CRITICAL Uncaught Error: Using $this when not in object context in D:\xampp\htdocs\ourarts\wp-content\plugins\mosaic_img\index.php:578
Stack trace:
#0 D:\xampp\htdocs\ourarts\wp-includes\class-wp-hook.php(288): so_34107959_ajax_add_ToCart('')
#1 D:\xampp\htdocs\ourarts\wp-includes\class-wp-hook.php(312): WP_Hook->apply_filters('', Array)
#2 D:\xampp\htdocs\ourarts\wp-includes\plugin.php(478): WP_Hook->do_action(Array)
#3 D:\xampp\htdocs\ourarts\wp-admin\admin-ajax.php(190): do_action('wp_ajax_nopriv_...')
#4 {main}
  thrown في D:\xampp\htdocs\ourarts\wp-content\plugins\mosaic_img\index.php في السطر 578

2020-04-03T20:16:52+00:00 CRITICAL Uncaught Error: Using $this when not in object context in D:\xampp\htdocs\ourarts\wp-content\plugins\mosaic_img\index.php:578
Stack trace:
#0 D:\xampp\htdocs\ourarts\wp-includes\class-wp-hook.php(288): so_34107959_ajax_add_ToCart('')
#1 D:\xampp\htdocs\ourarts\wp-includes\class-wp-hook.php(312): WP_Hook->apply_filters('', Array)
#2 D:\xampp\htdocs\ourarts\wp-includes\plugin.php(478): WP_Hook->do_action(Array)
#3 D:\xampp\htdocs\ourarts\wp-admin\admin-ajax.php(190): do_action('wp_ajax_nopriv_...')
#4 {main}
  thrown في D:\xampp\htdocs\ourarts\wp-content\plugins\mosaic_img\index.php في السطر 578

2020-04-03T20:53:19+00:00 CRITICAL Uncaught Error: Call to undefined function int() in D:\xampp\htdocs\ourarts\wp-content\plugins\mosaic_img\index.php:556
Stack trace:
#0 D:\xampp\htdocs\ourarts\wp-includes\class-wp-hook.php(288): so_34107959_ajax_add_ToCart('')
#1 D:\xampp\htdocs\ourarts\wp-includes\class-wp-hook.php(312): WP_Hook->apply_filters('', Array)
#2 D:\xampp\htdocs\ourarts\wp-includes\plugin.php(478): WP_Hook->do_action(Array)
#3 D:\xampp\htdocs\ourarts\wp-admin\admin-ajax.php(190): do_action('wp_ajax_nopriv_...')
#4 {main}
  thrown في D:\xampp\htdocs\ourarts\wp-content\plugins\mosaic_img\index.php في السطر 556

2020-04-03T20:58:00+00:00 CRITICAL Uncaught Error: Call to undefined method WooCommerce::get_cart() in D:\xampp\htdocs\ourarts\wp-content\plugins\mosaic_img\index.php:557
Stack trace:
#0 D:\xampp\htdocs\ourarts\wp-includes\class-wp-hook.php(288): so_34107959_ajax_add_ToCart('')
#1 D:\xampp\htdocs\ourarts\wp-includes\class-wp-hook.php(312): WP_Hook->apply_filters('', Array)
#2 D:\xampp\htdocs\ourarts\wp-includes\plugin.php(478): WP_Hook->do_action(Array)
#3 D:\xampp\htdocs\ourarts\wp-admin\admin-ajax.php(190): do_action('wp_ajax_nopriv_...')
#4 {main}
  thrown في D:\xampp\htdocs\ourarts\wp-content\plugins\mosaic_img\index.php في السطر 557

2020-04-03T20:58:22+00:00 CRITICAL Uncaught Error: Call to undefined method WooCommerce::get_cart() in D:\xampp\htdocs\ourarts\wp-content\plugins\mosaic_img\index.php:557
Stack trace:
#0 D:\xampp\htdocs\ourarts\wp-includes\class-wp-hook.php(288): so_34107959_ajax_add_ToCart('')
#1 D:\xampp\htdocs\ourarts\wp-includes\class-wp-hook.php(312): WP_Hook->apply_filters('', Array)
#2 D:\xampp\htdocs\ourarts\wp-includes\plugin.php(478): WP_Hook->do_action(Array)
#3 D:\xampp\htdocs\ourarts\wp-admin\admin-ajax.php(190): do_action('wp_ajax_nopriv_...')
#4 {main}
  thrown في D:\xampp\htdocs\ourarts\wp-content\plugins\mosaic_img\index.php في السطر 557

2020-04-03T21:29:43+00:00 CRITICAL Uncaught Error: Using $this when not in object context in D:\xampp\htdocs\ourarts\wp-content\plugins\mosaic_img\index.php:561
Stack trace:
#0 D:\xampp\htdocs\ourarts\wp-includes\class-wp-hook.php(288): so_34107959_ajax_add_ToCart('')
#1 D:\xampp\htdocs\ourarts\wp-includes\class-wp-hook.php(312): WP_Hook->apply_filters('', Array)
#2 D:\xampp\htdocs\ourarts\wp-includes\plugin.php(478): WP_Hook->do_action(Array)
#3 D:\xampp\htdocs\ourarts\wp-admin\admin-ajax.php(190): do_action('wp_ajax_nopriv_...')
#4 {main}
  thrown في D:\xampp\htdocs\ourarts\wp-content\plugins\mosaic_img\index.php في السطر 561

2020-04-03T21:31:16+00:00 CRITICAL Uncaught Error: Using $this when not in object context in D:\xampp\htdocs\ourarts\wp-content\plugins\mosaic_img\index.php:561
Stack trace:
#0 D:\xampp\htdocs\ourarts\wp-includes\class-wp-hook.php(288): so_34107959_ajax_add_ToCart('')
#1 D:\xampp\htdocs\ourarts\wp-includes\class-wp-hook.php(312): WP_Hook->apply_filters('', Array)
#2 D:\xampp\htdocs\ourarts\wp-includes\plugin.php(478): WP_Hook->do_action(Array)
#3 D:\xampp\htdocs\ourarts\wp-admin\admin-ajax.php(190): do_action('wp_ajax_nopriv_...')
#4 {main}
  thrown في D:\xampp\htdocs\ourarts\wp-content\plugins\mosaic_img\index.php في السطر 561

2020-04-03T21:31:57+00:00 CRITICAL Uncaught Error: Using $this when not in object context in D:\xampp\htdocs\ourarts\wp-content\plugins\mosaic_img\index.php:561
Stack trace:
#0 D:\xampp\htdocs\ourarts\wp-includes\class-wp-hook.php(288): so_34107959_ajax_add_ToCart('')
#1 D:\xampp\htdocs\ourarts\wp-includes\class-wp-hook.php(312): WP_Hook->apply_filters('', Array)
#2 D:\xampp\htdocs\ourarts\wp-includes\plugin.php(478): WP_Hook->do_action(Array)
#3 D:\xampp\htdocs\ourarts\wp-admin\admin-ajax.php(190): do_action('wp_ajax_nopriv_...')
#4 {main}
  thrown في D:\xampp\htdocs\ourarts\wp-content\plugins\mosaic_img\index.php في السطر 561

2020-04-03T21:32:52+00:00 CRITICAL Uncaught Error: Using $this when not in object context in D:\xampp\htdocs\ourarts\wp-content\plugins\mosaic_img\index.php:561
Stack trace:
#0 D:\xampp\htdocs\ourarts\wp-includes\class-wp-hook.php(288): so_34107959_ajax_add_ToCart('')
#1 D:\xampp\htdocs\ourarts\wp-includes\class-wp-hook.php(312): WP_Hook->apply_filters('', Array)
#2 D:\xampp\htdocs\ourarts\wp-includes\plugin.php(478): WP_Hook->do_action(Array)
#3 D:\xampp\htdocs\ourarts\wp-admin\admin-ajax.php(190): do_action('wp_ajax_nopriv_...')
#4 {main}
  thrown في D:\xampp\htdocs\ourarts\wp-content\plugins\mosaic_img\index.php في السطر 561

2020-04-03T22:07:46+00:00 CRITICAL Uncaught Error: Using $this when not in object context in D:\xampp\htdocs\ourarts\wp-content\plugins\mosaic_img\index.php:577
Stack trace:
#0 D:\xampp\htdocs\ourarts\wp-includes\class-wp-hook.php(288): so_34107959_ajax_add_ToCart('')
#1 D:\xampp\htdocs\ourarts\wp-includes\class-wp-hook.php(312): WP_Hook->apply_filters('', Array)
#2 D:\xampp\htdocs\ourarts\wp-includes\plugin.php(478): WP_Hook->do_action(Array)
#3 D:\xampp\htdocs\ourarts\wp-admin\admin-ajax.php(175): do_action('wp_ajax_add_ToC...')
#4 {main}
  thrown in D:\xampp\htdocs\ourarts\wp-content\plugins\mosaic_img\index.php on line 577

2020-04-03T22:08:00+00:00 CRITICAL Maximum execution time of 30 seconds exceeded في D:\xampp\htdocs\ourarts\wp-includes\Requests\Transport\cURL.php في السطر 463

2020-04-03T22:28:28+00:00 CRITICAL Uncaught Exception: You cannot add &quot;فلتو-اصفر&quot; to the cart because the product is out of stock. in D:\xampp\htdocs\ourarts\wp-content\plugins\mosaic_img\index.php:564
Stack trace:
#0 D:\xampp\htdocs\ourarts\wp-includes\class-wp-hook.php(288): so_34107959_ajax_add_ToCart('')
#1 D:\xampp\htdocs\ourarts\wp-includes\class-wp-hook.php(312): WP_Hook->apply_filters('', Array)
#2 D:\xampp\htdocs\ourarts\wp-includes\plugin.php(478): WP_Hook->do_action(Array)
#3 D:\xampp\htdocs\ourarts\wp-admin\admin-ajax.php(175): do_action('wp_ajax_add_ToC...')
#4 {main}
  thrown in D:\xampp\htdocs\ourarts\wp-content\plugins\mosaic_img\index.php on line 564

2020-04-03T22:50:58+00:00 CRITICAL Uncaught Error: Call to undefined function alert() in D:\xampp\htdocs\ourarts\wp-content\plugins\mosaic_img\index.php:565
Stack trace:
#0 D:\xampp\htdocs\ourarts\wp-includes\class-wp-hook.php(288): so_34107959_ajax_add_ToCart('')
#1 D:\xampp\htdocs\ourarts\wp-includes\class-wp-hook.php(312): WP_Hook->apply_filters('', Array)
#2 D:\xampp\htdocs\ourarts\wp-includes\plugin.php(478): WP_Hook->do_action(Array)
#3 D:\xampp\htdocs\ourarts\wp-admin\admin-ajax.php(175): do_action('wp_ajax_add_ToC...')
#4 {main}
  thrown in D:\xampp\htdocs\ourarts\wp-content\plugins\mosaic_img\index.php on line 565

2020-04-03T22:51:20+00:00 CRITICAL Uncaught Error: Call to undefined function alert() in D:\xampp\htdocs\ourarts\wp-content\plugins\mosaic_img\index.php:565
Stack trace:
#0 D:\xampp\htdocs\ourarts\wp-includes\class-wp-hook.php(288): so_34107959_ajax_add_ToCart('')
#1 D:\xampp\htdocs\ourarts\wp-includes\class-wp-hook.php(312): WP_Hook->apply_filters('', Array)
#2 D:\xampp\htdocs\ourarts\wp-includes\plugin.php(478): WP_Hook->do_action(Array)
#3 D:\xampp\htdocs\ourarts\wp-admin\admin-ajax.php(175): do_action('wp_ajax_add_ToC...')
#4 {main}
  thrown in D:\xampp\htdocs\ourarts\wp-content\plugins\mosaic_img\index.php on line 565

2020-04-03T22:51:55+00:00 CRITICAL Uncaught Error: Call to undefined function alert() in D:\xampp\htdocs\ourarts\wp-content\plugins\mosaic_img\index.php:565
Stack trace:
#0 D:\xampp\htdocs\ourarts\wp-includes\class-wp-hook.php(288): so_34107959_ajax_add_ToCart('')
#1 D:\xampp\htdocs\ourarts\wp-includes\class-wp-hook.php(312): WP_Hook->apply_filters('', Array)
#2 D:\xampp\htdocs\ourarts\wp-includes\plugin.php(478): WP_Hook->do_action(Array)
#3 D:\xampp\htdocs\ourarts\wp-admin\admin-ajax.php(175): do_action('wp_ajax_add_ToC...')
#4 {main}
  thrown in D:\xampp\htdocs\ourarts\wp-content\plugins\mosaic_img\index.php on line 565

2020-04-03T22:53:57+00:00 CRITICAL Uncaught Error: Function name must be a string in D:\xampp\htdocs\ourarts\wp-content\plugins\mosaic_img\index.php:565
Stack trace:
#0 D:\xampp\htdocs\ourarts\wp-includes\class-wp-hook.php(288): so_34107959_ajax_add_ToCart('')
#1 D:\xampp\htdocs\ourarts\wp-includes\class-wp-hook.php(312): WP_Hook->apply_filters('', Array)
#2 D:\xampp\htdocs\ourarts\wp-includes\plugin.php(478): WP_Hook->do_action(Array)
#3 D:\xampp\htdocs\ourarts\wp-admin\admin-ajax.php(175): do_action('wp_ajax_add_ToC...')
#4 {main}
  thrown in D:\xampp\htdocs\ourarts\wp-content\plugins\mosaic_img\index.php on line 565

