2020-03-18T09:14:49+00:00 CRITICAL Maximum execution time of 30 seconds exceeded in D:\xampp\htdocs\ourarts\wp-includes\functions.php on line 5785

2020-03-18T09:14:49+00:00 CRITICAL Maximum execution time of 30 seconds exceeded in D:\xampp\htdocs\ourarts\wp-content\plugins\print-google-cloud-print-gcp-woocommerce\setting\general.php on line 81

2020-03-18T09:15:17+00:00 CRITICAL Maximum execution time of 30 seconds exceeded in D:\xampp\htdocs\ourarts\wp-content\plugins\media-library-plus\maxgalleria-media-library.php on line 3127

2020-03-18T09:16:14+00:00 CRITICAL Maximum execution time of 30 seconds exceeded in D:\xampp\htdocs\ourarts\wp-content\plugins\media-library-plus\maxgalleria-media-library.php on line 3127

2020-03-18T13:41:10+00:00 CRITICAL Maximum execution time of 30 seconds exceeded in D:\xampp\htdocs\ourarts\wp-includes\wp-db.php on line 2030

2020-03-18T13:48:06+00:00 CRITICAL Uncaught RuntimeException: Unable to claim actions. Database error. in D:\xampp\htdocs\ourarts\wp-content\plugins\woocommerce\includes\libraries\action-scheduler\classes\ActionScheduler_wpPostStore.php:600
Stack trace:
#0 D:\xampp\htdocs\ourarts\wp-content\plugins\woocommerce\includes\libraries\action-scheduler\classes\ActionScheduler_wpPostStore.php(509): ActionScheduler_wpPostStore->claim_actions('4a3553a73a8cd77...', 25, NULL, Array, '')
#1 D:\xampp\htdocs\ourarts\wp-content\plugins\woocommerce\includes\libraries\action-scheduler\classes\ActionScheduler_QueueRunner.php(71): ActionScheduler_wpPostStore->stake_claim(25)
#2 D:\xampp\htdocs\ourarts\wp-content\plugins\woocommerce\includes\libraries\action-scheduler\classes\ActionScheduler_QueueRunner.php(61): ActionScheduler_QueueRunner->do_batch(25)
#3 D:\xampp\htdocs\ourarts\wp-includes\class-wp-hook.php(288): ActionScheduler_QueueRunner->run()
#4 D:\xampp\htdocs\ourarts\wp-includes\class-wp-hook.php(312): WP_Hook->apply_filters('', Array)
#5 D:\xampp\htdocs\ in D:\xampp\htdocs\ourarts\wp-content\plugins\woocommerce\includes\libraries\action-scheduler\classes\ActionScheduler_wpPostStore.php on line 600

2020-03-18T21:24:47+00:00 CRITICAL Maximum execution time of 30 seconds exceeded in D:\xampp\htdocs\ourarts\wp-includes\wp-db.php on line 2030

2020-03-18T21:24:47+00:00 CRITICAL Maximum execution time of 30 seconds exceeded في D:\xampp\htdocs\ourarts\wp-content\plugins\print-google-cloud-print-gcp-woocommerce\setting\general.php في السطر 81

2020-03-18T21:45:01+00:00 CRITICAL Uncaught Error: Call to a member function get_permalink() on null in D:\xampp\htdocs\ourarts\wp-content\plugins\mosaic_img\index.php:255
Stack trace:
#0 D:\xampp\htdocs\ourarts\wp-includes\shortcodes.php(325): Upload_img('', '', 'mosaic_view')
#1 [internal function]: do_shortcode_tag(Array)
#2 D:\xampp\htdocs\ourarts\wp-includes\shortcodes.php(199): preg_replace_callback('/\\[(\\[?)(mosaic...', 'do_shortcode_ta...', '\n<link rel="sty...')
#3 D:\xampp\htdocs\ourarts\wp-content\themes\flatsome\inc\helpers\helpers-shortcode.php(203): do_shortcode('\n<link rel="sty...')
#4 D:\xampp\htdocs\ourarts\wp-includes\class-wp-hook.php(288): flatsome_contentfix('\n<link rel="sty...')
#5 D:\xampp\htdocs\ourarts\wp-includes\plugin.php(206): WP_Hook->apply_filters('\n<link rel="sty...', Array)
#6 D:\xampp\htdocs\ourarts\wp-includes\post-template.php(253): apply_filters('the_content', '<!-- wp:html --...')
#7 D:\xampp\htdocs\ourarts\wp-content\themes\flatsome\page.php(33): the_content()
#8 D:\xampp\htdocs\ourarts\wp-includes\t في D:\xampp\htdocs\ourarts\wp-content\plugins\mosaic_img\index.php في السطر 255

2020-03-18T21:45:23+00:00 CRITICAL Uncaught Error: Call to a member function get_permalink() on null in D:\xampp\htdocs\ourarts\wp-content\plugins\mosaic_img\index.php:255
Stack trace:
#0 D:\xampp\htdocs\ourarts\wp-includes\shortcodes.php(325): Upload_img('', '', 'mosaic_view')
#1 [internal function]: do_shortcode_tag(Array)
#2 D:\xampp\htdocs\ourarts\wp-includes\shortcodes.php(199): preg_replace_callback('/\\[(\\[?)(mosaic...', 'do_shortcode_ta...', '\n<link rel="sty...')
#3 D:\xampp\htdocs\ourarts\wp-content\themes\flatsome\inc\helpers\helpers-shortcode.php(203): do_shortcode('\n<link rel="sty...')
#4 D:\xampp\htdocs\ourarts\wp-includes\class-wp-hook.php(288): flatsome_contentfix('\n<link rel="sty...')
#5 D:\xampp\htdocs\ourarts\wp-includes\plugin.php(206): WP_Hook->apply_filters('\n<link rel="sty...', Array)
#6 D:\xampp\htdocs\ourarts\wp-includes\post-template.php(253): apply_filters('the_content', '<!-- wp:html --...')
#7 D:\xampp\htdocs\ourarts\wp-content\themes\flatsome\page.php(33): the_content()
#8 D:\xampp\htdocs\ourarts\wp-includes\t في D:\xampp\htdocs\ourarts\wp-content\plugins\mosaic_img\index.php في السطر 255

2020-03-18T21:45:36+00:00 CRITICAL Uncaught Error: Call to a member function get_permalink() on null in D:\xampp\htdocs\ourarts\wp-content\plugins\mosaic_img\index.php:255
Stack trace:
#0 D:\xampp\htdocs\ourarts\wp-includes\shortcodes.php(325): Upload_img('', '', 'mosaic_view')
#1 [internal function]: do_shortcode_tag(Array)
#2 D:\xampp\htdocs\ourarts\wp-includes\shortcodes.php(199): preg_replace_callback('/\\[(\\[?)(mosaic...', 'do_shortcode_ta...', '\n<link rel="sty...')
#3 D:\xampp\htdocs\ourarts\wp-content\themes\flatsome\inc\helpers\helpers-shortcode.php(203): do_shortcode('\n<link rel="sty...')
#4 D:\xampp\htdocs\ourarts\wp-includes\class-wp-hook.php(288): flatsome_contentfix('\n<link rel="sty...')
#5 D:\xampp\htdocs\ourarts\wp-includes\plugin.php(206): WP_Hook->apply_filters('\n<link rel="sty...', Array)
#6 D:\xampp\htdocs\ourarts\wp-includes\post-template.php(253): apply_filters('the_content', '<!-- wp:html --...')
#7 D:\xampp\htdocs\ourarts\wp-content\themes\flatsome\page.php(33): the_content()
#8 D:\xampp\htdocs\ourarts\wp-includes\t في D:\xampp\htdocs\ourarts\wp-content\plugins\mosaic_img\index.php في السطر 255

