2020-09-09T11:18:33+00:00 CRITICAL Maximum execution time of 30 seconds exceeded in D:\xampp\htdocs\ourarts\wp-includes\functions.php on line 5785

2020-09-09T11:18:34+00:00 CRITICAL Maximum execution time of 30 seconds exceeded في D:\xampp\htdocs\ourarts\wp-content\themes\flatsome-child\functions.php في السطر 110

2020-09-09T11:19:00+00:00 CRITICAL Maximum execution time of 30 seconds exceeded في D:\xampp\htdocs\ourarts\wp-content\plugins\dokan-pro\includes\modules\moip\includes\libs\vendor\rmccue\requests\library\Requests\Transport\cURL.php في السطر 441

2020-09-09T11:19:15+00:00 CRITICAL Maximum execution time of 30 seconds exceeded in D:\xampp\htdocs\ourarts\wp-content\plugins\dokan-pro\includes\modules\moip\includes\libs\vendor\rmccue\requests\library\Requests\Transport\cURL.php on line 163

2020-09-09T11:20:03+00:00 CRITICAL Maximum execution time of 30 seconds exceeded in D:\xampp\htdocs\ourarts\wp-content\plugins\dokan-pro\includes\modules\moip\includes\libs\vendor\rmccue\requests\library\Requests\Transport\cURL.php on line 163

2020-09-09T11:20:08+00:00 CRITICAL Maximum execution time of 30 seconds exceeded في D:\xampp\htdocs\ourarts\wp-content\plugins\dokan-pro\includes\modules\moip\includes\libs\vendor\rmccue\requests\library\Requests\Transport\cURL.php في السطر 163

2020-09-09T11:20:21+00:00 CRITICAL Uncaught TypeError: Argument 2 passed to WPSEO_Link_Watcher::save_post() must be an instance of WP_Post, null given, called in D:\xampp\htdocs\ourarts\wp-includes\class-wp-hook.php on line 290 and defined in D:\xampp\htdocs\ourarts\wp-content\plugins\wordpress-seo\admin\links\class-link-watcher.php:47
Stack trace:
#0 D:\xampp\htdocs\ourarts\wp-includes\class-wp-hook.php(290): WPSEO_Link_Watcher->save_post(35732, NULL)
#1 D:\xampp\htdocs\ourarts\wp-includes\class-wp-hook.php(312): WP_Hook->apply_filters(NULL, Array)
#2 D:\xampp\htdocs\ourarts\wp-includes\plugin.php(478): WP_Hook->do_action(Array)
#3 D:\xampp\htdocs\ourarts\wp-includes\post.php(4120): do_action('save_post', 35732, NULL, true)
#4 D:\xampp\htdocs\ourarts\wp-includes\post.php(4197): wp_insert_post(Array, false)
#5 D:\xampp\htdocs\ourarts\wp-content\plugins\woocommerce-smart-coupons\includes\libraries\action-scheduler\classes\data-stores\ActionScheduler_wpPostStore.php(797): wp_update_post(Array)
#6 D:\xampp\htdocs\ourarts\wp-content\plugins\woocom in D:\xampp\htdocs\ourarts\wp-content\plugins\wordpress-seo\admin\links\class-link-watcher.php on line 47

2020-09-09T11:20:56+00:00 CRITICAL Maximum execution time of 30 seconds exceeded in D:\xampp\htdocs\ourarts\wp-content\plugins\woocommerce-admin\src\API\Reports\Revenue\Stats\Controller.php on line 12

2020-09-09T11:21:03+00:00 CRITICAL Maximum execution time of 30 seconds exceeded في D:\xampp\htdocs\ourarts\wp-content\themes\flatsome-child\functions.php في السطر 143

2020-09-09T11:21:08+00:00 CRITICAL Maximum execution time of 30 seconds exceeded في D:\xampp\htdocs\ourarts\wp-content\themes\flatsome-child\functions.php في السطر 127

2020-09-09T11:21:10+00:00 CRITICAL Maximum execution time of 30 seconds exceeded في D:\xampp\htdocs\ourarts\wp-includes\wp-db.php في السطر 2030

2020-09-09T11:22:01+00:00 CRITICAL Uncaught TypeError: Argument 2 passed to WPSEO_Link_Watcher::save_post() must be an instance of WP_Post, null given, called in D:\xampp\htdocs\ourarts\wp-includes\class-wp-hook.php on line 290 and defined in D:\xampp\htdocs\ourarts\wp-content\plugins\wordpress-seo\admin\links\class-link-watcher.php:47
Stack trace:
#0 D:\xampp\htdocs\ourarts\wp-includes\class-wp-hook.php(290): WPSEO_Link_Watcher->save_post(35777, NULL)
#1 D:\xampp\htdocs\ourarts\wp-includes\class-wp-hook.php(312): WP_Hook->apply_filters(NULL, Array)
#2 D:\xampp\htdocs\ourarts\wp-includes\plugin.php(478): WP_Hook->do_action(Array)
#3 D:\xampp\htdocs\ourarts\wp-includes\post.php(4120): do_action('save_post', 35777, NULL, true)
#4 D:\xampp\htdocs\ourarts\wp-includes\post.php(4197): wp_insert_post(Array, false)
#5 D:\xampp\htdocs\ourarts\wp-content\plugins\woocommerce-smart-coupons\includes\libraries\action-scheduler\classes\data-stores\ActionScheduler_wpPostStore.php(797): wp_update_post(Array)
#6 D:\xampp\htdocs\ourarts\wp-content\plugins\woocom في D:\xampp\htdocs\ourarts\wp-content\plugins\wordpress-seo\admin\links\class-link-watcher.php في السطر 47

2020-09-09T11:22:11+00:00 CRITICAL Maximum execution time of 30 seconds exceeded في D:\xampp\htdocs\ourarts\wp-content\plugins\media-library-plus\maxgalleria-media-library.php في السطر 3127

2020-09-09T11:22:33+00:00 CRITICAL Maximum execution time of 30 seconds exceeded in D:\xampp\htdocs\ourarts\wp-content\plugins\dokan-pro\includes\modules\moip\includes\libs\vendor\rmccue\requests\library\Requests\Transport\cURL.php on line 163

2020-09-09T11:23:20+00:00 CRITICAL Uncaught TypeError: Argument 2 passed to WPSEO_Link_Watcher::save_post() must be an instance of WP_Post, null given, called in D:\xampp\htdocs\ourarts\wp-includes\class-wp-hook.php on line 290 and defined in D:\xampp\htdocs\ourarts\wp-content\plugins\wordpress-seo\admin\links\class-link-watcher.php:47
Stack trace:
#0 D:\xampp\htdocs\ourarts\wp-includes\class-wp-hook.php(290): WPSEO_Link_Watcher->save_post(35840, NULL)
#1 D:\xampp\htdocs\ourarts\wp-includes\class-wp-hook.php(312): WP_Hook->apply_filters(NULL, Array)
#2 D:\xampp\htdocs\ourarts\wp-includes\plugin.php(478): WP_Hook->do_action(Array)
#3 D:\xampp\htdocs\ourarts\wp-includes\post.php(4120): do_action('save_post', 35840, NULL, true)
#4 D:\xampp\htdocs\ourarts\wp-includes\post.php(4197): wp_insert_post(Array, false)
#5 D:\xampp\htdocs\ourarts\wp-content\plugins\woocommerce-smart-coupons\includes\libraries\action-scheduler\classes\data-stores\ActionScheduler_wpPostStore.php(797): wp_update_post(Array)
#6 D:\xampp\htdocs\ourarts\wp-content\plugins\woocom in D:\xampp\htdocs\ourarts\wp-content\plugins\wordpress-seo\admin\links\class-link-watcher.php on line 47

2020-09-09T11:23:22+00:00 CRITICAL Maximum execution time of 30 seconds exceeded in D:\xampp\htdocs\ourarts\wp-includes\wp-db.php on line 2030

2020-09-09T11:23:42+00:00 CRITICAL Maximum execution time of 30 seconds exceeded في D:\xampp\htdocs\ourarts\wp-includes\wp-db.php في السطر 2030

2020-09-09T11:23:50+00:00 CRITICAL Maximum execution time of 30 seconds exceeded in D:\xampp\htdocs\ourarts\wp-content\plugins\dokan-pro\includes\api\class-modules-controller.php on line 13

2020-09-09T11:24:45+00:00 CRITICAL Uncaught TypeError: Argument 2 passed to WPSEO_Link_Watcher::save_post() must be an instance of WP_Post, null given, called in D:\xampp\htdocs\ourarts\wp-includes\class-wp-hook.php on line 290 and defined in D:\xampp\htdocs\ourarts\wp-content\plugins\wordpress-seo\admin\links\class-link-watcher.php:47
Stack trace:
#0 D:\xampp\htdocs\ourarts\wp-includes\class-wp-hook.php(290): WPSEO_Link_Watcher->save_post(35875, NULL)
#1 D:\xampp\htdocs\ourarts\wp-includes\class-wp-hook.php(312): WP_Hook->apply_filters(NULL, Array)
#2 D:\xampp\htdocs\ourarts\wp-includes\plugin.php(478): WP_Hook->do_action(Array)
#3 D:\xampp\htdocs\ourarts\wp-includes\post.php(4120): do_action('save_post', 35875, NULL, true)
#4 D:\xampp\htdocs\ourarts\wp-includes\post.php(4197): wp_insert_post(Array, false)
#5 D:\xampp\htdocs\ourarts\wp-content\plugins\woocommerce-smart-coupons\includes\libraries\action-scheduler\classes\data-stores\ActionScheduler_wpPostStore.php(797): wp_update_post(Array)
#6 D:\xampp\htdocs\ourarts\wp-content\plugins\woocom في D:\xampp\htdocs\ourarts\wp-content\plugins\wordpress-seo\admin\links\class-link-watcher.php في السطر 47

2020-09-09T11:25:22+00:00 CRITICAL Maximum execution time of 30 seconds exceeded in D:\xampp\htdocs\ourarts\wp-content\plugins\dokan-pro\includes\modules\moip\includes\libs\vendor\rmccue\requests\library\Requests\Transport\cURL.php on line 441

2020-09-09T11:25:36+00:00 CRITICAL Uncaught TypeError: Argument 2 passed to WPSEO_Link_Watcher::save_post() must be an instance of WP_Post, null given, called in D:\xampp\htdocs\ourarts\wp-includes\class-wp-hook.php on line 290 and defined in D:\xampp\htdocs\ourarts\wp-content\plugins\wordpress-seo\admin\links\class-link-watcher.php:47
Stack trace:
#0 D:\xampp\htdocs\ourarts\wp-includes\class-wp-hook.php(290): WPSEO_Link_Watcher->save_post(35902, NULL)
#1 D:\xampp\htdocs\ourarts\wp-includes\class-wp-hook.php(312): WP_Hook->apply_filters(NULL, Array)
#2 D:\xampp\htdocs\ourarts\wp-includes\plugin.php(478): WP_Hook->do_action(Array)
#3 D:\xampp\htdocs\ourarts\wp-includes\post.php(4120): do_action('save_post', 35902, NULL, true)
#4 D:\xampp\htdocs\ourarts\wp-includes\post.php(4197): wp_insert_post(Array, false)
#5 D:\xampp\htdocs\ourarts\wp-content\plugins\woocommerce-smart-coupons\includes\libraries\action-scheduler\classes\data-stores\ActionScheduler_wpPostStore.php(797): wp_update_post(Array)
#6 D:\xampp\htdocs\ourarts\wp-content\plugins\woocom in D:\xampp\htdocs\ourarts\wp-content\plugins\wordpress-seo\admin\links\class-link-watcher.php on line 47

2020-09-09T11:25:55+00:00 CRITICAL Uncaught TypeError: Argument 2 passed to WPSEO_Link_Watcher::save_post() must be an instance of WP_Post, null given, called in D:\xampp\htdocs\ourarts\wp-includes\class-wp-hook.php on line 290 and defined in D:\xampp\htdocs\ourarts\wp-content\plugins\wordpress-seo\admin\links\class-link-watcher.php:47
Stack trace:
#0 D:\xampp\htdocs\ourarts\wp-includes\class-wp-hook.php(290): WPSEO_Link_Watcher->save_post(35923, NULL)
#1 D:\xampp\htdocs\ourarts\wp-includes\class-wp-hook.php(312): WP_Hook->apply_filters(NULL, Array)
#2 D:\xampp\htdocs\ourarts\wp-includes\plugin.php(478): WP_Hook->do_action(Array)
#3 D:\xampp\htdocs\ourarts\wp-includes\post.php(4120): do_action('save_post', 35923, NULL, true)
#4 D:\xampp\htdocs\ourarts\wp-includes\post.php(4197): wp_insert_post(Array, false)
#5 D:\xampp\htdocs\ourarts\wp-content\plugins\woocommerce-smart-coupons\includes\libraries\action-scheduler\classes\data-stores\ActionScheduler_wpPostStore.php(797): wp_update_post(Array)
#6 D:\xampp\htdocs\ourarts\wp-content\plugins\woocom في D:\xampp\htdocs\ourarts\wp-content\plugins\wordpress-seo\admin\links\class-link-watcher.php في السطر 47

2020-09-09T11:26:05+00:00 CRITICAL Uncaught TypeError: Argument 2 passed to WPSEO_Link_Watcher::save_post() must be an instance of WP_Post, null given, called in D:\xampp\htdocs\ourarts\wp-includes\class-wp-hook.php on line 290 and defined in D:\xampp\htdocs\ourarts\wp-content\plugins\wordpress-seo\admin\links\class-link-watcher.php:47
Stack trace:
#0 D:\xampp\htdocs\ourarts\wp-includes\class-wp-hook.php(290): WPSEO_Link_Watcher->save_post(35941, NULL)
#1 D:\xampp\htdocs\ourarts\wp-includes\class-wp-hook.php(312): WP_Hook->apply_filters(NULL, Array)
#2 D:\xampp\htdocs\ourarts\wp-includes\plugin.php(478): WP_Hook->do_action(Array)
#3 D:\xampp\htdocs\ourarts\wp-includes\post.php(4120): do_action('save_post', 35941, NULL, true)
#4 D:\xampp\htdocs\ourarts\wp-includes\post.php(4197): wp_insert_post(Array, false)
#5 D:\xampp\htdocs\ourarts\wp-content\plugins\woocommerce-smart-coupons\includes\libraries\action-scheduler\classes\data-stores\ActionScheduler_wpPostStore.php(797): wp_update_post(Array)
#6 D:\xampp\htdocs\ourarts\wp-content\plugins\woocom in D:\xampp\htdocs\ourarts\wp-content\plugins\wordpress-seo\admin\links\class-link-watcher.php on line 47

2020-09-09T11:27:21+00:00 CRITICAL Maximum execution time of 30 seconds exceeded in D:\xampp\htdocs\ourarts\wp-includes\wp-db.php on line 2030

