[2019-03-17 17:36:18] BigCommerce.INFO: Starting import [] []
[2019-03-17 17:36:20] BigCommerce.INFO: Running import task {"state":"started","description":"Fetching currency settings"} []
[2019-03-17 17:36:20] BigCommerce.DEBUG: Requesting store settings [] []
[2019-03-17 17:36:21] BigCommerce.DEBUG: Retrieved store settings {"settings":{"bigcommerce_currency_code":"EGP","bigcommerce_currency_symbol":"£","bigcommerce_currency_symbol_position":"left","bigcommerce_decimal_units":2,"bigcommerce_integer_units":0,"bigcommerce_mass_unit":"kg","bigcommerce_length_unit":"cm","bigcommerce_facebook_pixel_id":"","bigcommerce_google_analytics_id":""}} []
[2019-03-17 17:36:34] BigCommerce.INFO: Running import task {"state":"fetched_store","description":"Fetching existing listings from the BigCommerce API"} []
[2019-03-17 17:36:34] BigCommerce.DEBUG: Retrieving listings {"limit":50,"after":null} []
[2019-03-17 17:36:47] BigCommerce.INFO: Running import task {"state":"fetched_listing_ids","description":"Adding listings to the channel"} []
[2019-03-17 17:36:47] BigCommerce.DEBUG: Retrieving products {"limit":50,"page":1} []
[2019-03-17 17:36:47] BigCommerce.DEBUG: Adding products to channel {"count":13} []
[2019-03-17 17:36:51] BigCommerce.INFO: Running import task {"state":"initialized_channel","description":"Updating Categories"} []
[2019-03-17 17:36:51] BigCommerce.DEBUG: Importing terms for bigcommerce_category taxonomy {"page":1,"limit":5,"taxonomy":"bigcommerce_category"} []
[2019-03-17 17:36:51] BigCommerce.DEBUG: bigcommerce_category import ready for next page of terms {"next":2,"taxonomy":"bigcommerce_category"} []
[2019-03-17 17:36:54] BigCommerce.INFO: Running import task {"state":"updating_categories","description":"Updating Categories"} []
[2019-03-17 17:36:54] BigCommerce.DEBUG: Importing terms for bigcommerce_category taxonomy {"page":2,"limit":5,"taxonomy":"bigcommerce_category"} []
[2019-03-17 17:37:02] BigCommerce.INFO: Running import task {"state":"updated_categories","description":"Updating Brands"} []
[2019-03-17 17:37:02] BigCommerce.DEBUG: Importing terms for bigcommerce_brand taxonomy {"page":1,"limit":5,"taxonomy":"bigcommerce_brand"} []
[2019-03-17 17:37:12] BigCommerce.INFO: Running import task {"state":"updated_brands","description":"Fetching product data from the BigCommerce API"} []
[2019-03-17 17:37:12] BigCommerce.DEBUG: Retrieving listings {"limit":50,"after":null} []
[2019-03-17 17:37:12] BigCommerce.DEBUG: Retrieving products found in listings {"limit":50,"ids":[77,80,81,86,88,93,94,97,98,103,104,107,111]} []
[2019-03-17 17:37:12] BigCommerce.DEBUG: Adding products to the import queue {"count":13} []
[2019-03-17 17:37:14] BigCommerce.INFO: Running import task {"state":"fetched_product_ids","description":"Identifying products to remove from WordPress"} []
[2019-03-17 17:37:19] BigCommerce.INFO: Running import task {"state":"marked_deleted_products","description":"Importing products"} []
[2019-03-17 17:37:19] BigCommerce.DEBUG: Handling product from import queue {"product_id":"77","attempt":"0","action":"update"} []
[2019-03-17 17:37:28] BigCommerce.DEBUG: Product imported successfully {"product_id":"77","action":"update"} []
[2019-03-17 17:37:28] BigCommerce.DEBUG: Handling product from import queue {"product_id":"80","attempt":"0","action":"update"} []
[2019-03-17 17:37:34] BigCommerce.DEBUG: Product imported successfully {"product_id":"80","action":"update"} []
[2019-03-17 17:37:34] BigCommerce.DEBUG: Handling product from import queue {"product_id":"81","attempt":"0","action":"update"} []
[2019-03-17 17:37:41] BigCommerce.DEBUG: Product imported successfully {"product_id":"81","action":"update"} []
[2019-03-17 17:37:41] BigCommerce.DEBUG: Handling product from import queue {"product_id":"86","attempt":"0","action":"update"} []
[2019-03-17 17:37:54] BigCommerce.DEBUG: Product imported successfully {"product_id":"86","action":"update"} []
[2019-03-17 17:37:54] BigCommerce.DEBUG: Handling product from import queue {"product_id":"88","attempt":"0","action":"update"} []
[2019-03-17 17:38:05] BigCommerce.DEBUG: Product imported successfully {"product_id":"88","action":"update"} []
[2019-03-17 17:38:05] BigCommerce.DEBUG: Completed import bach {"count":5,"remaining":8} []
[2019-03-17 17:38:07] BigCommerce.INFO: Running import task {"state":"processing_queue","description":"Importing products"} []
[2019-03-17 17:38:07] BigCommerce.DEBUG: Handling product from import queue {"product_id":"93","attempt":"0","action":"update"} []
[2019-03-17 17:38:15] BigCommerce.DEBUG: Product imported successfully {"product_id":"93","action":"update"} []
[2019-03-17 17:38:15] BigCommerce.DEBUG: Handling product from import queue {"product_id":"94","attempt":"0","action":"update"} []
[2019-03-17 17:38:27] BigCommerce.DEBUG: Product imported successfully {"product_id":"94","action":"update"} []
[2019-03-17 17:38:27] BigCommerce.DEBUG: Handling product from import queue {"product_id":"97","attempt":"0","action":"update"} []
[2019-03-17 17:38:36] BigCommerce.DEBUG: Product imported successfully {"product_id":"97","action":"update"} []
[2019-03-17 17:38:36] BigCommerce.DEBUG: Handling product from import queue {"product_id":"98","attempt":"0","action":"update"} []
[2019-03-17 17:38:39] BigCommerce.DEBUG: Product imported successfully {"product_id":"98","action":"update"} []
[2019-03-17 17:38:39] BigCommerce.DEBUG: Handling product from import queue {"product_id":"103","attempt":"0","action":"update"} []
[2019-03-17 17:38:47] BigCommerce.DEBUG: Product imported successfully {"product_id":"103","action":"update"} []
[2019-03-17 17:38:47] BigCommerce.DEBUG: Completed import bach {"count":5,"remaining":3} []
[2019-03-17 17:38:47] BigCommerce.INFO: Running import task {"state":"processing_queue","description":"Importing products"} []
[2019-03-17 17:38:47] BigCommerce.DEBUG: Handling product from import queue {"product_id":"104","attempt":"0","action":"update"} []
[2019-03-17 17:39:00] BigCommerce.DEBUG: Product imported successfully {"product_id":"104","action":"update"} []
[2019-03-17 17:39:00] BigCommerce.DEBUG: Handling product from import queue {"product_id":"107","attempt":"0","action":"update"} []
[2019-03-17 17:39:11] BigCommerce.DEBUG: Product imported successfully {"product_id":"107","action":"update"} []
[2019-03-17 17:39:11] BigCommerce.DEBUG: Handling product from import queue {"product_id":"111","attempt":"0","action":"update"} []
[2019-03-17 17:39:24] BigCommerce.DEBUG: Product imported successfully {"product_id":"111","action":"update"} []
[2019-03-17 17:39:24] BigCommerce.DEBUG: Completed import bach {"count":3,"remaining":0} []
[2019-03-17 17:39:25] BigCommerce.INFO: Running import task {"state":"processed_queue","description":"Wrapping up"} []
[2019-03-17 17:39:25] BigCommerce.INFO: Import complete [] []
